Command: fasttree -gtr -log log/AmoA.mafft_aligned.fasttree_gtr.log intermediate/AmoA.mafft_aligned.faa
FastTree Version 2.1.11 SSE3
Alignment: intermediate/AmoA.mafft_aligned.faa
Amino acid distances: BLOSUM45 Joins: balanced Support: SH-like 1000
Search: Normal +NNI +SPR (2 rounds range 10) +ML-NNI opt-each=1
TopHits: 1.00*sqrtN close=default refresh=0.80
ML Model: Jones-Taylor-Thorton, CAT approximation with 20 rate categories
Read 5 sequences, 914 positions
NJ	(sp|B3EUH8|ENO_AMOA5:0.35043,sp|B3ER62|GLYA_AMOA5:0.30590,(sp|Q04507|AMOA_NITEU:0.40110,(sp|B3ER35|TPIS_AMOA5:0.28234,sp|B3ERM8|LON_AMOA5:0.28375):0.06873):0.04264);
ME_NNI1	(sp|B3EUH8|ENO_AMOA5:0.35043,sp|B3ER62|GLYA_AMOA5:0.30590,(sp|Q04507|AMOA_NITEU:0.40110,(sp|B3ER35|TPIS_AMOA5:0.28234,sp|B3ERM8|LON_AMOA5:0.28375):0.06873):0.04264);
Min_evolution NNIs converged at round 1 -- skipping some rounds
ME_SPR1	(sp|B3EUH8|ENO_AMOA5:0.35043,sp|B3ER62|GLYA_AMOA5:0.30590,(sp|Q04507|AMOA_NITEU:0.40110,(sp|B3ER35|TPIS_AMOA5:0.28234,sp|B3ERM8|LON_AMOA5:0.28375):0.06873):0.04264);
ME_NNI4	(sp|B3EUH8|ENO_AMOA5:0.35043,sp|B3ER62|GLYA_AMOA5:0.30590,(sp|Q04507|AMOA_NITEU:0.40110,(sp|B3ER35|TPIS_AMOA5:0.28234,sp|B3ERM8|LON_AMOA5:0.28375):0.06873):0.04264);
Min_evolution NNIs converged at round 4 -- skipping some rounds
ME_SPR2	(sp|B3EUH8|ENO_AMOA5:0.35043,sp|B3ER62|GLYA_AMOA5:0.30590,(sp|Q04507|AMOA_NITEU:0.40110,(sp|B3ER35|TPIS_AMOA5:0.28234,sp|B3ERM8|LON_AMOA5:0.28375):0.06873):0.04264);
ME_NNI7	(sp|B3EUH8|ENO_AMOA5:0.35043,sp|B3ER62|GLYA_AMOA5:0.30590,(sp|Q04507|AMOA_NITEU:0.40110,(sp|B3ER35|TPIS_AMOA5:0.28234,sp|B3ERM8|LON_AMOA5:0.28375):0.06873):0.04264);
Min_evolution NNIs converged at round 7 -- skipping some rounds
ME_Lengths	(sp|B3EUH8|ENO_AMOA5:0.80904,sp|B3ER62|GLYA_AMOA5:0.57944,(sp|Q04507|AMOA_NITEU:1.03025,(sp|B3ER35|TPIS_AMOA5:0.60705,sp|B3ERM8|LON_AMOA5:0.47833):0.26310):0.22221);
Total branch-length 3.989 after 0.01 sec
ML_Lengths1	(sp|B3EUH8|ENO_AMOA5:0.98447,sp|B3ER62|GLYA_AMOA5:0.71133,(sp|Q04507|AMOA_NITEU:1.58351,(sp|B3ER35|TPIS_AMOA5:0.65892,sp|B3ERM8|LON_AMOA5:0.67826):0.48886):0.35479);
ML_NNI1	(sp|B3EUH8|ENO_AMOA5:0.97252,sp|B3ER62|GLYA_AMOA5:0.72208,(sp|Q04507|AMOA_NITEU:1.57607,(sp|B3ER35|TPIS_AMOA5:0.69471,sp|B3ERM8|LON_AMOA5:0.64444):0.42764):0.39383);
TreeLogLk	ML_NNI1	-5957.7053	MaxChange	0.0000
NCategories	20
Rates 0.070378 0.096469 0.132233 0.181255 0.248450 0.340557 0.466810 0.639869 0.877085 1.202242 1.647944 2.258879 3.096304 4.244183 5.817611 7.974347 10.930642 14.982912 20.537460 28.151222
SiteCategories 9 9 9 9 9 9 9 9 9 9 9 7 11 9 8 9 9 10 10 11 8 9 7 9 10 11 10 10 9 8 9 10 9 9 9 9 9 9 9 9 9 10 11 8 9 11 10 10 10 10 10 10 8 10 11 10 10 9 8 8 8 9 9 9 9 9 9 9 9 9 9 9 8 9 9 10 10 9 9 10 10 11 10 9 9 9 9 9 8 9 9 9 9 9 9 9 9 9 9 9 9 9 9 9 9 9 9 9 9 9 9 9 9 9 9 9 9 9 9 9 9 9 9 9 9 9 9 9 9 9 9 9 9 9 9 9 9 9 9 9 9 9 9 9 9 9 9 9 8 10 10 10 10 10 8 10 9 7 11 8 10 10 10 10 9 9 10 10 11 11 10 10 10 11 8 10 6 11 8 10 9 10 10 9 9 9 9 9 9 9 9 9 9 8 9 9 8 11 9 6 11 9 9 9 9 9 9 9 9 9 9 9 9 9 11 9 8 11 11 10 11 9 9 9 9 9 9 9 7 8 9 9 9 9 9 9 9 9 9 9 9 9 9 9 7 10 6 9 10 10 9 8 7 10 9 10 10 7 9 10 11 8 9 9 9 9 9 9 9 10 10 10 8 7 9 8 9 9 9 9 9 9 9 9 9 9 9 9 9 9 9 9 9 9 9 9 9 9 8 7 10 10 11 11 8 10 11 10 9 9 9 9 9 9 10 9 10 10 11 10 10 10 11 9 9 10 10 11 11 10 11 10 10 9 10 10 10 10 8 9 9 9 9 10 9 9 10 9 9 10 10 10 10 8 11 10 11 10 11 9 10 9 9 9 9 10 8 10 10 11 11 11 9 9 11 6 11 9 11 10 11 9 9 8 11 9 8 9 9 9 9 9 9 9 9 9 9 9 9 9 9 9 9 9 11 10 10 10 10 8 8 10 9 9 9 9 8 10 10 10 8 10 9 9 9 9 9 9 9 9 9 9 9 9 10 8 10 10 11 8 7 9 8 10 11 8 11 8 8 9 9 9 9 9 9 9 9 9 9 9 9 8 9 11 10 9 9 9 9 9 9 7 10 8 8 9 9 9 9 9 9 9 9 9 9 9 9 9 11 10 7 10 10 9 10 10 7 10 10 8 9 9 9 9 9 9 9 9 9 9 7 9 9 9 9 8 9 10 10 10 11 9 10 9 10 10 10 10 9 10 11 10 7 8 11 10 11 9 10 9 8 9 9 10 11 10 11 10 9 9 10 12 10 8 10 11 11 9 11 9 9 9 9 7 8 9 9 9 9 9 9 9 9 9 9 9 9 9 9 9 9 9 9 9 9 9 9 9 9 9 9 9 9 9 9 9 9 10 8 8 10 7 9 9 9 9 9 9 9 9 9 10 10 11 10 9 11 9 7 11 9 9 10 9 9 9 9 9 9 9 9 9 9 9 9 9 9 9 9 9 9 9 9 9 11 7 11 10 10 11 7 7 10 9 10 11 9 9 10 6 9 9 9 10 10 8 10 7 10 10 9 8 9 9 10 10 9 8 11 10 7 8 7 10 9 9 9 9 11 8 9 10 10 9 11 11 9 11 9 10 10 9 11 9 10 11 10 10 9 9 9 9 9 9 9 9 9 9 9 9 9 9 9 10 7 10 10 10 10 10 9 10 10 10 10 9 10 8 11 10 11 9 10 11 10 11 10 10 10 10 11 11 10 10 9 9 9 9 11 9 10 9 10 9 8 11 9 11 10 11 10 8 10 11 10 10 9 9 10 9 9 9 10 10 10 8 11 8 8 9 9 9 10 9 11 10 9 10 8 10 9 9 10 8 10 9 7 9 9 9 11 10 10 9 10 10 10 9 10 10 8 10 9 10 10 11 10 10 10 9 9 9 9 10 10 9 10 10 10 10 10 10 8 10 8 8 10 7 10 11 10 11 8 9 10 10 10 8 10 10 7 10 9 9 9 9 10 10 9 10 11 8 11 11 10 9 11 11 11 10 9 10 8 9 9 9 9 9 9 9 9 9 9 9 9 9 9 9 9 9 9 9 9 9 9 9 9 9 9 9 9 9 9 9
ML_NNI2	(sp|B3EUH8|ENO_AMOA5:0.97252,sp|B3ER62|GLYA_AMOA5:0.72208,(sp|Q04507|AMOA_NITEU:1.57607,(sp|B3ER35|TPIS_AMOA5:0.69471,sp|B3ERM8|LON_AMOA5:0.64444):0.40461):0.39199);
TreeLogLk	ML_NNI2	-5790.1161	MaxChange	0.0000
Turning off heuristics for final round of ML NNIs (converged)
ML_NNI3	(sp|B3EUH8|ENO_AMOA5:0.92731,sp|B3ER62|GLYA_AMOA5:0.69476,(sp|Q04507|AMOA_NITEU:1.60088,(sp|B3ER35|TPIS_AMOA5:0.67186,sp|B3ERM8|LON_AMOA5:0.60902):0.41307):0.40268);
TreeLogLk	ML_NNI3	-5789.8674	MaxChange	0.0000
ML_Lengths2	(sp|B3EUH8|ENO_AMOA5:0.94238,sp|B3ER62|GLYA_AMOA5:0.68550,(sp|Q04507|AMOA_NITEU:1.59662,(sp|B3ER35|TPIS_AMOA5:0.69368,sp|B3ERM8|LON_AMOA5:0.59606):0.42556):0.41210);
TreeLogLk	ML_Lengths2	-5789.8256
Total time: 0.13 seconds Unique: 5/5 Bad splits: 0/2
Dist/N**2: by-profile 12.360 (out 0.480) by-leaf 1.560 avg-prof 5.160
 Hill-climb: 0 Update-best: 3
NNI: 0 SPR: 0 ML-NNI: 0
Max-lk operations: lk 1455 posterior 242 approximate-posteriors 0.00% star-only 2
TreeCompleted
