Command: fasttree -lg -log log/AmoA.mafft_alignted.fasttree_lg.log temp/AmoA.mafft_aligned.faa
FastTree Version 2.1.11 SSE3
Alignment: temp/AmoA.mafft_aligned.faa
Amino acid distances: BLOSUM45 Joins: balanced Support: SH-like 1000
Search: Normal +NNI +SPR (2 rounds range 10) +ML-NNI opt-each=1
TopHits: 1.00*sqrtN close=default refresh=0.80
ML Model: Le-Gascuel 2008, CAT approximation with 20 rate categories
Read 5 sequences, 914 positions
NJ	(sp|B3EUH8|ENO_AMOA5:0.35043,sp|B3ER62|GLYA_AMOA5:0.30590,(sp|Q04507|AMOA_NITEU:0.40110,(sp|B3ER35|TPIS_AMOA5:0.28234,sp|B3ERM8|LON_AMOA5:0.28375):0.06873):0.04264);
ME_NNI1	(sp|B3EUH8|ENO_AMOA5:0.35043,sp|B3ER62|GLYA_AMOA5:0.30590,(sp|Q04507|AMOA_NITEU:0.40110,(sp|B3ER35|TPIS_AMOA5:0.28234,sp|B3ERM8|LON_AMOA5:0.28375):0.06873):0.04264);
Min_evolution NNIs converged at round 1 -- skipping some rounds
ME_SPR1	(sp|B3EUH8|ENO_AMOA5:0.35043,sp|B3ER62|GLYA_AMOA5:0.30590,(sp|Q04507|AMOA_NITEU:0.40110,(sp|B3ER35|TPIS_AMOA5:0.28234,sp|B3ERM8|LON_AMOA5:0.28375):0.06873):0.04264);
ME_NNI4	(sp|B3EUH8|ENO_AMOA5:0.35043,sp|B3ER62|GLYA_AMOA5:0.30590,(sp|Q04507|AMOA_NITEU:0.40110,(sp|B3ER35|TPIS_AMOA5:0.28234,sp|B3ERM8|LON_AMOA5:0.28375):0.06873):0.04264);
Min_evolution NNIs converged at round 4 -- skipping some rounds
ME_SPR2	(sp|B3EUH8|ENO_AMOA5:0.35043,sp|B3ER62|GLYA_AMOA5:0.30590,(sp|Q04507|AMOA_NITEU:0.40110,(sp|B3ER35|TPIS_AMOA5:0.28234,sp|B3ERM8|LON_AMOA5:0.28375):0.06873):0.04264);
ME_NNI7	(sp|B3EUH8|ENO_AMOA5:0.35043,sp|B3ER62|GLYA_AMOA5:0.30590,(sp|Q04507|AMOA_NITEU:0.40110,(sp|B3ER35|TPIS_AMOA5:0.28234,sp|B3ERM8|LON_AMOA5:0.28375):0.06873):0.04264);
Min_evolution NNIs converged at round 7 -- skipping some rounds
ME_Lengths	(sp|B3EUH8|ENO_AMOA5:0.80904,sp|B3ER62|GLYA_AMOA5:0.57944,(sp|Q04507|AMOA_NITEU:1.03025,(sp|B3ER35|TPIS_AMOA5:0.60705,sp|B3ERM8|LON_AMOA5:0.47833):0.26310):0.22221);
Total branch-length 3.989 after 0.01 sec
ML_Lengths1	(sp|B3EUH8|ENO_AMOA5:1.11010,sp|B3ER62|GLYA_AMOA5:0.74318,(sp|Q04507|AMOA_NITEU:1.74612,(sp|B3ER35|TPIS_AMOA5:0.66550,sp|B3ERM8|LON_AMOA5:0.72437):0.52534):0.39911);
ML_NNI1	(sp|B3EUH8|ENO_AMOA5:1.09228,sp|B3ER62|GLYA_AMOA5:0.75808,(sp|Q04507|AMOA_NITEU:1.73947,(sp|B3ER35|TPIS_AMOA5:0.70768,sp|B3ERM8|LON_AMOA5:0.68357):0.45464):0.44329);
TreeLogLk	ML_NNI1	-5933.4191	MaxChange	0.0000
NCategories	20
Rates 0.070332 0.096406 0.132146 0.181135 0.248287 0.340333 0.466503 0.639448 0.876508 1.201452 1.646860 2.257394 3.094268 4.241392 5.813784 7.969103 10.923453 14.973058 20.523954 28.132708
SiteCategories 9 9 9 9 9 9 9 9 9 9 9 6 11 9 8 9 9 10 9 11 8 9 7 9 10 11 10 10 9 8 9 10 9 9 9 9 9 9 9 9 9 10 11 8 9 12 10 9 10 10 10 10 8 10 10 10 11 9 8 8 9 9 9 9 9 9 9 9 9 9 9 9 8 9 9 10 10 9 9 10 10 11 9 9 9 9 10 9 8 9 9 9 9 9 9 9 9 9 9 9 9 9 9 9 9 9 9 9 9 9 9 9 9 9 9 9 9 9 9 9 9 9 9 9 9 9 9 9 9 9 9 9 9 9 9 9 9 9 9 9 9 9 9 9 9 9 9 9 8 10 10 10 10 10 7 10 9 7 11 8 10 11 10 11 9 9 10 10 10 10 10 10 10 11 8 10 6 11 8 9 8 10 10 9 9 9 9 9 9 9 9 9 9 8 9 9 8 11 9 6 11 9 9 9 9 9 9 9 9 9 9 9 9 10 11 9 7 11 10 9 11 10 9 9 9 9 9 9 7 8 9 9 9 9 9 9 9 9 9 9 9 9 9 9 7 10 6 9 10 10 10 9 6 10 9 10 10 7 9 10 11 8 9 9 9 9 9 9 9 10 10 10 8 7 9 8 9 9 9 9 9 9 9 9 9 9 9 9 9 9 9 9 9 9 9 9 9 9 8 7 11 10 11 10 8 11 11 10 9 9 9 9 9 9 10 9 10 10 11 10 10 10 11 10 9 10 10 10 10 10 11 10 10 9 10 10 10 10 8 9 9 9 9 10 9 9 10 9 9 10 10 10 10 8 11 10 11 10 11 9 10 10 9 9 9 10 8 10 10 10 11 11 9 9 11 6 11 9 11 10 11 9 9 9 11 9 8 9 9 9 9 9 9 9 9 9 9 9 9 9 9 9 9 10 10 10 10 10 10 8 8 10 9 9 9 9 8 10 9 10 7 10 9 9 9 9 9 9 9 9 9 9 9 9 10 8 10 10 11 8 7 9 8 10 11 8 11 8 9 9 9 9 9 9 9 9 9 9 9 9 9 7 10 11 10 9 9 9 9 9 9 7 10 8 8 9 9 9 9 9 9 9 9 9 9 9 9 9 11 10 7 9 10 9 10 10 7 10 10 8 9 9 9 9 9 9 9 9 9 9 7 9 9 9 9 8 9 10 10 10 10 10 10 9 11 10 10 10 9 10 11 10 6 8 11 10 11 9 10 9 8 9 9 10 11 10 11 10 9 9 9 12 10 8 10 11 11 8 11 9 9 9 9 7 8 9 9 9 9 9 9 9 9 9 9 9 9 9 9 9 9 9 9 9 9 9 9 9 9 9 9 9 9 9 9 9 9 10 9 8 10 7 9 9 9 9 9 9 9 9 9 11 10 11 10 9 11 10 7 11 9 10 10 9 9 9 9 9 9 9 9 9 9 9 9 9 9 9 9 9 9 9 9 9 11 7 11 10 10 11 7 7 10 9 9 11 9 9 10 6 9 9 9 10 9 7 10 7 10 10 9 8 9 9 10 10 9 8 11 10 7 8 7 10 9 9 9 9 11 8 10 10 10 9 11 11 9 11 8 10 10 10 11 9 10 10 10 9 9 9 9 9 9 9 9 9 9 9 9 9 9 9 9 11 6 10 10 10 10 11 8 10 10 9 10 11 10 8 11 10 11 9 10 11 10 11 10 10 10 11 11 11 11 10 9 9 9 9 10 9 11 10 9 9 8 11 9 11 10 11 10 8 10 11 10 9 9 9 10 9 9 9 10 10 10 8 11 8 8 9 8 9 10 9 11 10 9 10 8 10 9 8 10 8 10 9 8 9 9 9 11 10 10 9 10 10 10 9 11 10 8 10 9 10 10 11 10 9 10 8 9 9 9 10 10 9 10 10 10 10 10 10 8 11 9 8 10 7 10 11 11 11 8 9 10 10 10 8 10 10 7 10 9 9 9 9 10 10 9 10 11 8 11 11 10 8 11 10 11 10 10 10 8 9 9 9 9 9 9 9 9 9 9 9 9 9 9 9 9 9 9 9 9 9 9 9 9 9 9 9 9 9 9 9
ML_NNI2	(sp|B3EUH8|ENO_AMOA5:1.09228,sp|B3ER62|GLYA_AMOA5:0.75808,(sp|Q04507|AMOA_NITEU:1.73947,(sp|B3ER35|TPIS_AMOA5:0.70768,sp|B3ERM8|LON_AMOA5:0.68357):0.43673):0.44374);
TreeLogLk	ML_NNI2	-5758.9673	MaxChange	0.0000
Turning off heuristics for final round of ML NNIs (converged)
ML_NNI3	(sp|B3EUH8|ENO_AMOA5:1.04405,sp|B3ER62|GLYA_AMOA5:0.71116,(sp|Q04507|AMOA_NITEU:1.77434,(sp|B3ER35|TPIS_AMOA5:0.69641,sp|B3ERM8|LON_AMOA5:0.63283):0.44475):0.46064);
TreeLogLk	ML_NNI3	-5758.6124	MaxChange	0.0000
ML_Lengths2	(sp|B3EUH8|ENO_AMOA5:1.07086,sp|B3ER62|GLYA_AMOA5:0.69605,(sp|Q04507|AMOA_NITEU:1.76628,(sp|B3ER35|TPIS_AMOA5:0.72776,sp|B3ERM8|LON_AMOA5:0.61371):0.46298):0.47493);
TreeLogLk	ML_Lengths2	-5758.5319
Total time: 0.14 seconds Unique: 5/5 Bad splits: 0/2
Dist/N**2: by-profile 12.360 (out 0.480) by-leaf 1.560 avg-prof 5.160
 Hill-climb: 0 Update-best: 3
NNI: 0 SPR: 0 ML-NNI: 0
Max-lk operations: lk 1457 posterior 242 approximate-posteriors 0.00% star-only 2
TreeCompleted
