Command: fasttree -gtr -log log/AmoA.muscle_aligned.fasttree_gtr.log intermediate/AmoA.muscle_aligned.faa
FastTree Version 2.1.11 SSE3
Alignment: intermediate/AmoA.muscle_aligned.faa
Amino acid distances: BLOSUM45 Joins: balanced Support: SH-like 1000
Search: Normal +NNI +SPR (2 rounds range 10) +ML-NNI opt-each=1
TopHits: 1.00*sqrtN close=default refresh=0.80
ML Model: Jones-Taylor-Thorton, CAT approximation with 20 rate categories
Read 5 sequences, 839 positions
NJ	(sp|B3EUH8|ENO_AMOA5:0.40212,(sp|B3ER35|TPIS_AMOA5:0.27049,sp|B3ERM8|LON_AMOA5:0.32893):0.06382,(sp|Q04507|AMOA_NITEU:0.44834,sp|B3ER62|GLYA_AMOA5:0.39142):0.03712);
ME_NNI1	(sp|B3EUH8|ENO_AMOA5:0.40212,(sp|B3ER35|TPIS_AMOA5:0.27049,sp|B3ERM8|LON_AMOA5:0.32893):0.06382,(sp|Q04507|AMOA_NITEU:0.44834,sp|B3ER62|GLYA_AMOA5:0.39142):0.03712);
Min_evolution NNIs converged at round 1 -- skipping some rounds
ME_SPR1	(sp|B3EUH8|ENO_AMOA5:0.40212,(sp|B3ER35|TPIS_AMOA5:0.27049,sp|B3ERM8|LON_AMOA5:0.32893):0.06382,(sp|Q04507|AMOA_NITEU:0.44834,sp|B3ER62|GLYA_AMOA5:0.39142):0.03712);
ME_NNI4	(sp|B3EUH8|ENO_AMOA5:0.40212,(sp|B3ER35|TPIS_AMOA5:0.27049,sp|B3ERM8|LON_AMOA5:0.32893):0.06382,(sp|Q04507|AMOA_NITEU:0.44834,sp|B3ER62|GLYA_AMOA5:0.39142):0.03712);
Min_evolution NNIs converged at round 4 -- skipping some rounds
ME_SPR2	(sp|B3EUH8|ENO_AMOA5:0.40212,(sp|B3ER35|TPIS_AMOA5:0.27049,sp|B3ERM8|LON_AMOA5:0.32893):0.06382,(sp|Q04507|AMOA_NITEU:0.44834,sp|B3ER62|GLYA_AMOA5:0.39142):0.03712);
ME_NNI7	(sp|B3EUH8|ENO_AMOA5:0.40212,(sp|B3ER35|TPIS_AMOA5:0.27049,sp|B3ERM8|LON_AMOA5:0.32893):0.06382,(sp|Q04507|AMOA_NITEU:0.44834,sp|B3ER62|GLYA_AMOA5:0.39142):0.03712);
Min_evolution NNIs converged at round 7 -- skipping some rounds
ME_Lengths	(sp|B3EUH8|ENO_AMOA5:1.10048,(sp|B3ER35|TPIS_AMOA5:0.47423,sp|B3ERM8|LON_AMOA5:0.71507):0.16705,(sp|Q04507|AMOA_NITEU:1.42579,sp|B3ER62|GLYA_AMOA5:0.95458):0.31087);
Total branch-length 5.148 after 0.01 sec
ML_Lengths1	(sp|B3EUH8|ENO_AMOA5:1.54209,(sp|B3ER35|TPIS_AMOA5:0.56767,sp|B3ERM8|LON_AMOA5:1.03445):0.29199,(sp|Q04507|AMOA_NITEU:2.30745,sp|B3ER62|GLYA_AMOA5:1.38478):0.52661);
ML_NNI1	(sp|B3EUH8|ENO_AMOA5:1.60195,(sp|B3ER35|TPIS_AMOA5:0.58802,sp|B3ERM8|LON_AMOA5:0.99840):0.27283,(sp|Q04507|AMOA_NITEU:2.26830,sp|B3ER62|GLYA_AMOA5:1.35455):0.55053);
TreeLogLk	ML_NNI1	-6086.2942	MaxChange	0.0000
NCategories	20
Rates 0.069623 0.095433 0.130813 0.179309 0.245783 0.336901 0.461799 0.633000 0.867670 1.189337 1.630255 2.234632 3.063067 4.198625 5.755162 7.888748 10.813309 14.822080 20.317005 27.849037
SiteCategories 7 9 9 9 7 9 7 9 9 9 9 9 9 9 9 9 9 9 9 9 9 9 9 9 9 9 9 9 9 9 9 9 9 9 9 11 10 10 8 9 10 9 9 9 11 10 9 9 9 8 10 7 10 9 10 9 10 10 7 9 10 11 9 11 7 10 10 10 10 10 10 11 10 11 10 7 9 10 10 9 9 10 11 11 10 8 11 11 7 10 9 10 9 9 10 10 10 10 8 10 10 10 10 8 10 9 9 10 11 6 8 11 8 11 11 10 11 9 9 9 11 9 10 10 10 11 10 9 8 10 9 10 10 8 10 10 11 11 10 11 10 8 9 11 10 8 9 9 9 9 9 9 9 9 9 9 9 9 9 9 9 9 9 9 9 9 8 10 9 10 8 8 9 10 10 10 11 10 10 10 10 10 9 10 9 10 10 10 10 7 9 9 9 9 9 9 9 9 9 9 9 9 9 9 9 9 9 9 9 9 9 9 9 9 9 9 9 9 9 9 9 9 9 9 9 9 9 9 9 9 9 9 9 9 9 9 9 9 9 9 9 9 9 9 9 9 9 9 9 9 9 9 9 9 9 9 9 9 9 9 9 9 9 9 9 9 9 9 9 9 10 8 9 10 10 11 11 11 9 10 10 11 9 9 10 10 9 10 10 10 11 11 10 9 9 10 10 10 9 10 10 10 9 11 9 10 10 10 9 9 9 9 9 9 9 9 9 9 10 10 10 9 10 11 9 7 9 10 11 11 11 9 10 9 9 9 10 10 7 10 9 11 9 11 9 10 9 10 7 10 10 10 12 10 10 8 11 11 11 10 10 9 9 9 9 9 9 9 9 9 9 9 9 9 9 9 9 9 9 9 9 9 8 8 9 9 9 9 9 9 9 9 9 9 9 9 9 9 9 9 10 10 8 10 10 9 9 9 9 11 9 9 10 9 9 9 9 9 9 9 9 9 9 9 9 8 10 10 10 10 8 9 9 10 9 8 9 9 9 9 9 9 9 9 9 7 10 10 9 10 10 10 8 9 8 10 10 9 9 8 10 10 10 10 10 8 9 9 11 9 10 10 9 10 9 11 10 10 10 10 10 10 8 11 10 8 10 10 9 10 10 11 9 9 10 11 10 10 9 9 10 10 10 7 10 10 8 8 11 10 10 11 10 10 10 10 10 9 10 10 7 7 10 7 9 9 9 9 9 9 9 9 9 9 9 9 9 9 9 9 9 9 9 9 9 9 9 9 9 9 9 9 9 9 9 9 9 9 9 9 9 9 9 10 10 10 10 9 11 10 11 11 10 7 10 9 10 8 10 9 10 9 9 8 10 9 9 11 7 9 11 10 10 9 9 9 9 9 9 9 10 10 11 10 11 9 10 10 8 10 10 10 11 9 9 10 9 11 10 8 10 11 11 10 9 10 9 9 9 9 9 9 9 9 9 9 9 9 9 9 9 9 9 9 9 9 9 9 9 9 9 9 9 9 9 9 9 9 10 10 9 10 11 10 9 9 10 10 8 10 10 8 10 10 10 10 10 10 10 10 10 9 9 9 9 9 9 9 9 9 9 9 9 9 9 9 9 9 9 9 9 9 9 9 9 9 9 9 9 9 9 9 9 9 9 8 9 9 11 10 11 9 11 9 9 10 7 10 9 10 10 9 10 9 8 9 10 9 9 9 10 9 10 9 10 7 7 8 10 10 9 9 9 8 10 9 9 10 10 10 10 7 10 9 9 10 7 11 10 9 11 10 8 11 10 9 11 10 9 9 9 5 10 10 10 7 10 10 10 10 10 10 10 8 8 11 9 10 10 8 8 10 11 11 10 11 9 8 9 9 9 9 9 9 9 9 9 9 9 9 9 9 9 9 9 9 9 9 10 10 10 10 10 10 8 11 10 10 11
ML_NNI2	(sp|B3EUH8|ENO_AMOA5:1.65129,(sp|B3ER35|TPIS_AMOA5:0.49184,sp|B3ERM8|LON_AMOA5:0.99702):0.14560,(sp|Q04507|AMOA_NITEU:2.26830,sp|B3ER62|GLYA_AMOA5:1.35455):0.52678);
TreeLogLk	ML_NNI2	-5960.1899	MaxChange	0.0000
Turning off heuristics for final round of ML NNIs (converged)
ML_NNI3	(sp|B3EUH8|ENO_AMOA5:1.65107,(sp|B3ER35|TPIS_AMOA5:0.49329,sp|B3ERM8|LON_AMOA5:0.99603):0.17833,(sp|Q04507|AMOA_NITEU:2.01126,sp|B3ER62|GLYA_AMOA5:1.29182):0.52143);
TreeLogLk	ML_NNI3	-5959.6393	MaxChange	0.0000
ML_Lengths2	(sp|B3EUH8|ENO_AMOA5:1.63794,(sp|B3ER35|TPIS_AMOA5:0.49927,sp|B3ERM8|LON_AMOA5:0.99177):0.15967,(sp|Q04507|AMOA_NITEU:1.99334,sp|B3ER62|GLYA_AMOA5:1.23815):0.62429);
TreeLogLk	ML_Lengths2	-5959.4917
Total time: 0.17 seconds Unique: 5/5 Bad splits: 0/2
Dist/N**2: by-profile 13.160 (out 0.480) by-leaf 1.720 avg-prof 3.680
 Hill-climb: 0 Update-best: 3
NNI: 0 SPR: 0 ML-NNI: 0
Max-lk operations: lk 2300 posterior 348 approximate-posteriors 0.00% star-only 1
TreeCompleted
