Command: fasttree -lg -log log/AmoA.muscle_aligned.fasttree_lg.log intermediate/AmoA.muscle_aligned.faa
FastTree Version 2.1.11 SSE3
Alignment: intermediate/AmoA.muscle_aligned.faa
Amino acid distances: BLOSUM45 Joins: balanced Support: SH-like 1000
Search: Normal +NNI +SPR (2 rounds range 10) +ML-NNI opt-each=1
TopHits: 1.00*sqrtN close=default refresh=0.80
ML Model: Le-Gascuel 2008, CAT approximation with 20 rate categories
Read 5 sequences, 839 positions
NJ	(sp|B3EUH8|ENO_AMOA5:0.40212,(sp|B3ER35|TPIS_AMOA5:0.27049,sp|B3ERM8|LON_AMOA5:0.32893):0.06382,(sp|Q04507|AMOA_NITEU:0.44834,sp|B3ER62|GLYA_AMOA5:0.39142):0.03712);
ME_NNI1	(sp|B3EUH8|ENO_AMOA5:0.40212,(sp|B3ER35|TPIS_AMOA5:0.27049,sp|B3ERM8|LON_AMOA5:0.32893):0.06382,(sp|Q04507|AMOA_NITEU:0.44834,sp|B3ER62|GLYA_AMOA5:0.39142):0.03712);
Min_evolution NNIs converged at round 1 -- skipping some rounds
ME_SPR1	(sp|B3EUH8|ENO_AMOA5:0.40212,(sp|B3ER35|TPIS_AMOA5:0.27049,sp|B3ERM8|LON_AMOA5:0.32893):0.06382,(sp|Q04507|AMOA_NITEU:0.44834,sp|B3ER62|GLYA_AMOA5:0.39142):0.03712);
ME_NNI4	(sp|B3EUH8|ENO_AMOA5:0.40212,(sp|B3ER35|TPIS_AMOA5:0.27049,sp|B3ERM8|LON_AMOA5:0.32893):0.06382,(sp|Q04507|AMOA_NITEU:0.44834,sp|B3ER62|GLYA_AMOA5:0.39142):0.03712);
Min_evolution NNIs converged at round 4 -- skipping some rounds
ME_SPR2	(sp|B3EUH8|ENO_AMOA5:0.40212,(sp|B3ER35|TPIS_AMOA5:0.27049,sp|B3ERM8|LON_AMOA5:0.32893):0.06382,(sp|Q04507|AMOA_NITEU:0.44834,sp|B3ER62|GLYA_AMOA5:0.39142):0.03712);
ME_NNI7	(sp|B3EUH8|ENO_AMOA5:0.40212,(sp|B3ER35|TPIS_AMOA5:0.27049,sp|B3ERM8|LON_AMOA5:0.32893):0.06382,(sp|Q04507|AMOA_NITEU:0.44834,sp|B3ER62|GLYA_AMOA5:0.39142):0.03712);
Min_evolution NNIs converged at round 7 -- skipping some rounds
ME_Lengths	(sp|B3EUH8|ENO_AMOA5:1.10048,(sp|B3ER35|TPIS_AMOA5:0.47423,sp|B3ERM8|LON_AMOA5:0.71507):0.16705,(sp|Q04507|AMOA_NITEU:1.42579,sp|B3ER62|GLYA_AMOA5:0.95458):0.31087);
Total branch-length 5.148 after 0.01 sec
ML_Lengths1	(sp|B3EUH8|ENO_AMOA5:1.69148,(sp|B3ER35|TPIS_AMOA5:0.51535,sp|B3ERM8|LON_AMOA5:1.15149):0.40017,(sp|Q04507|AMOA_NITEU:2.65188,sp|B3ER62|GLYA_AMOA5:1.43720):0.63126);
ML_NNI1	(sp|B3EUH8|ENO_AMOA5:1.72263,(sp|B3ER35|TPIS_AMOA5:0.49217,sp|B3ERM8|LON_AMOA5:1.15517):0.40351,(sp|Q04507|AMOA_NITEU:2.63628,sp|B3ER62|GLYA_AMOA5:1.32589):0.67763);
TreeLogLk	ML_NNI1	-6057.3570	MaxChange	0.0000
NCategories	20
Rates 0.070050 0.096020 0.131617 0.180410 0.247293 0.338971 0.464636 0.636889 0.872999 1.196643 1.640269 2.248358 3.081882 4.224415 5.790514 7.937205 10.879731 14.913127 20.441805 28.020103
SiteCategories 6 9 9 9 6 8 7 9 10 8 9 9 9 9 9 9 9 9 9 9 9 9 9 9 9 9 9 9 9 9 9 9 9 9 9 11 10 10 8 8 10 9 9 9 11 10 9 9 9 8 10 8 10 9 10 9 9 11 7 9 10 11 9 11 7 9 10 10 10 10 10 11 10 11 10 7 10 11 10 9 9 10 10 11 10 8 11 11 7 10 9 10 10 10 10 10 10 10 8 10 9 10 10 8 11 9 9 10 11 6 8 11 9 11 10 10 11 9 9 9 11 9 10 10 9 11 10 9 8 9 9 10 10 9 10 10 11 11 10 11 10 8 8 11 10 8 9 9 9 9 9 9 9 9 9 9 9 9 9 9 9 9 9 9 9 9 8 11 10 9 8 8 9 10 10 10 11 10 10 10 10 10 9 9 9 11 10 10 10 8 9 9 9 9 9 9 9 9 9 9 9 9 9 9 9 9 9 9 9 9 9 9 9 9 9 9 9 9 9 9 9 9 9 9 9 9 9 9 9 9 9 9 9 9 9 9 9 9 9 9 9 9 9 9 9 9 9 9 9 9 9 9 9 9 9 9 9 9 9 9 9 9 9 9 9 9 9 9 9 9 10 7 9 11 10 11 10 11 9 9 10 10 9 9 10 10 9 10 11 10 11 11 9 9 9 10 10 10 9 10 10 10 9 11 9 10 10 10 9 9 9 9 9 9 9 9 9 9 10 10 10 9 10 11 9 7 9 10 11 11 11 9 10 9 9 9 10 10 6 10 9 10 9 11 9 10 9 10 7 9 10 10 12 10 10 8 11 10 11 10 9 9 9 9 9 9 9 9 9 9 9 9 9 9 9 9 9 9 9 9 9 9 9 8 9 9 9 9 9 9 9 9 9 9 9 9 9 9 9 9 9 10 8 10 10 8 9 9 9 11 9 9 10 10 9 9 9 9 9 9 9 9 9 9 9 8 10 10 10 10 8 9 9 10 9 8 9 9 9 9 9 9 9 9 9 7 9 10 9 10 10 10 8 9 8 10 10 9 9 7 10 10 10 10 11 8 9 9 10 9 10 10 9 10 8 11 10 10 10 9 10 10 8 11 10 9 10 10 8 10 10 11 8 9 9 10 10 10 9 9 10 10 10 7 10 11 8 8 11 9 9 10 10 10 10 10 10 9 10 10 8 8 10 8 9 9 9 9 9 9 9 9 9 9 9 9 9 9 9 9 9 9 9 9 9 9 9 9 9 9 9 9 9 9 9 9 9 9 9 9 9 9 9 10 10 10 10 9 10 10 11 11 10 7 10 9 10 8 10 9 10 9 9 8 10 9 9 11 7 9 10 10 10 9 9 9 9 9 9 9 11 10 10 10 11 10 9 10 8 10 10 10 11 9 10 9 9 11 10 8 10 11 10 9 8 9 9 9 9 9 9 9 9 9 9 9 9 9 9 9 9 9 9 9 9 9 9 9 9 9 9 9 9 9 9 9 9 9 10 10 10 10 11 10 10 9 10 10 8 9 10 7 10 10 10 10 10 10 10 10 9 9 9 9 9 9 9 9 9 9 9 9 9 9 9 9 9 9 9 9 9 9 9 9 9 9 9 9 9 9 9 9 9 9 9 8 9 9 10 9 11 9 11 9 10 10 7 11 9 10 10 9 9 10 7 9 10 9 9 9 10 9 10 9 10 8 7 8 10 10 9 9 9 8 10 10 10 10 10 10 10 8 10 9 9 10 7 11 10 9 11 10 8 11 10 9 11 10 9 9 8 6 10 10 9 8 10 10 10 11 11 10 10 8 7 11 8 10 10 9 8 10 11 11 10 11 8 8 9 9 9 9 9 9 9 9 9 9 9 9 9 9 9 9 9 9 10 9 10 10 10 10 10 10 7 11 11 10 11
ML_NNI2	(sp|B3EUH8|ENO_AMOA5:1.78266,(sp|B3ER35|TPIS_AMOA5:0.40885,sp|B3ERM8|LON_AMOA5:1.14312):0.23954,(sp|Q04507|AMOA_NITEU:2.63628,sp|B3ER62|GLYA_AMOA5:1.32589):0.63523);
TreeLogLk	ML_NNI2	-5930.3739	MaxChange	0.0000
Turning off heuristics for final round of ML NNIs (converged)
ML_NNI3	(sp|B3EUH8|ENO_AMOA5:1.77035,(sp|B3ER35|TPIS_AMOA5:0.41022,sp|B3ERM8|LON_AMOA5:1.13660):0.29606,(sp|Q04507|AMOA_NITEU:2.29985,sp|B3ER62|GLYA_AMOA5:1.26409):0.61687);
TreeLogLk	ML_NNI3	-5929.7042	MaxChange	0.0000
ML_Lengths2	(sp|B3EUH8|ENO_AMOA5:1.75842,(sp|B3ER35|TPIS_AMOA5:0.41809,sp|B3ERM8|LON_AMOA5:1.13164):0.27716,(sp|Q04507|AMOA_NITEU:2.28637,sp|B3ER62|GLYA_AMOA5:1.21310):0.71763);
TreeLogLk	ML_Lengths2	-5929.5881
Total time: 0.19 seconds Unique: 5/5 Bad splits: 0/2
Dist/N**2: by-profile 13.160 (out 0.480) by-leaf 1.720 avg-prof 3.680
 Hill-climb: 0 Update-best: 3
NNI: 0 SPR: 0 ML-NNI: 0
Max-lk operations: lk 2194 posterior 327 approximate-posteriors 0.00% star-only 1
TreeCompleted
