Command: fasttree -lg -log log/DsrA.mafft_aligned.fasttree_lg.log intermediate/DsrA.mafft_aligned.faa
FastTree Version 2.1.11 SSE3
Alignment: intermediate/DsrA.mafft_aligned.faa
Amino acid distances: BLOSUM45 Joins: balanced Support: SH-like 1000
Search: Normal +NNI +SPR (2 rounds range 10) +ML-NNI opt-each=1
TopHits: 1.00*sqrtN close=default refresh=0.80
ML Model: Le-Gascuel 2008, CAT approximation with 20 rate categories
Read 5 sequences, 1649 positions
NJ	(sp|Q99MU3|DSRAD_MOUSE:0.08535,sp|P55265|DSRAD_HUMAN:0.08008,(sp|Q9VF87|CYFIP_DROME:0.33872,(sp|Q59109|DSRA_ARCFU:0.16564,sp|P45574|DSVA_DESVH:0.18256):0.21830):0.21770);
ME_NNI1	(sp|Q99MU3|DSRAD_MOUSE:0.08535,sp|P55265|DSRAD_HUMAN:0.08008,(sp|Q9VF87|CYFIP_DROME:0.33872,(sp|Q59109|DSRA_ARCFU:0.16564,sp|P45574|DSVA_DESVH:0.18256):0.21830):0.21770);
Min_evolution NNIs converged at round 1 -- skipping some rounds
ME_SPR1	(sp|Q99MU3|DSRAD_MOUSE:0.08535,sp|P55265|DSRAD_HUMAN:0.08008,(sp|Q9VF87|CYFIP_DROME:0.33872,(sp|Q59109|DSRA_ARCFU:0.16564,sp|P45574|DSVA_DESVH:0.18256):0.21830):0.21770);
ME_NNI4	(sp|Q99MU3|DSRAD_MOUSE:0.08535,sp|P55265|DSRAD_HUMAN:0.08008,(sp|Q9VF87|CYFIP_DROME:0.33872,(sp|Q59109|DSRA_ARCFU:0.16564,sp|P45574|DSVA_DESVH:0.18256):0.21830):0.21770);
Min_evolution NNIs converged at round 4 -- skipping some rounds
ME_SPR2	(sp|Q99MU3|DSRAD_MOUSE:0.08535,sp|P55265|DSRAD_HUMAN:0.08008,(sp|Q9VF87|CYFIP_DROME:0.33872,(sp|Q59109|DSRA_ARCFU:0.16564,sp|P45574|DSVA_DESVH:0.18256):0.21830):0.21770);
ME_NNI7	(sp|Q99MU3|DSRAD_MOUSE:0.08535,sp|P55265|DSRAD_HUMAN:0.08008,(sp|Q9VF87|CYFIP_DROME:0.33872,(sp|Q59109|DSRA_ARCFU:0.16564,sp|P45574|DSVA_DESVH:0.18256):0.21830):0.21770);
Min_evolution NNIs converged at round 7 -- skipping some rounds
ME_Lengths	(sp|Q99MU3|DSRAD_MOUSE:0.12779,sp|P55265|DSRAD_HUMAN:0.10729,(sp|Q9VF87|CYFIP_DROME:0.78386,(sp|Q59109|DSRA_ARCFU:0.22391,sp|P45574|DSVA_DESVH:0.33251):0.64756):0.48560);
Total branch-length 2.709 after 0.01 sec
ML_Lengths1	(sp|Q99MU3|DSRAD_MOUSE:0.13189,sp|P55265|DSRAD_HUMAN:0.10630,(sp|Q9VF87|CYFIP_DROME:1.20824,(sp|Q59109|DSRA_ARCFU:0.30426,sp|P45574|DSVA_DESVH:0.38888):1.19317):0.64891);
ML_NNI1	(sp|Q99MU3|DSRAD_MOUSE:0.13210,sp|P55265|DSRAD_HUMAN:0.10619,(sp|Q9VF87|CYFIP_DROME:1.14306,(sp|Q59109|DSRA_ARCFU:0.29702,sp|P45574|DSVA_DESVH:0.39260):1.16954):0.67845);
TreeLogLk	ML_NNI1	-10080.1847	MaxChange	0.0000
NCategories	20
Rates 0.069677 0.095509 0.130916 0.179450 0.245977 0.337167 0.462163 0.633499 0.868354 1.190275 1.631540 2.236393 3.065482 4.201934 5.759699 7.894967 10.821834 14.833765 20.333021 27.870993
SiteCategories 9 9 11 10 9 9 10 9 10 10 10 9 11 10 10 9 10 11 9 10 9 9 9 9 9 9 9 9 10 10 10 9 9 10 9 9 9 8 10 10 10 11 10 11 9 11 12 7 11 9 9 7 10 8 10 10 9 11 10 8 9 8 10 8 11 8 10 11 7 10 11 7 9 10 9 10 9 9 9 10 11 9 9 7 10 9 9 9 10 10 10 11 10 10 8 9 11 11 8 11 11 9 10 10 12 9 11 9 9 9 9 9 9 9 9 9 9 8 10 10 9 8 11 10 11 10 11 11 10 9 9 9 9 10 11 11 10 7 11 9 11 10 11 10 11 11 11 8 12 10 10 10 9 10 10 11 10 9 11 10 10 10 10 9 11 10 11 10 11 10 11 10 7 10 12 8 8 10 9 9 12 10 11 8 8 10 10 8 10 11 9 10 10 10 9 10 10 9 10 11 10 9 9 8 10 10 9 9 10 11 9 8 10 11 10 10 10 11 10 9 10 9 9 9 8 7 9 9 9 9 9 9 9 9 9 9 9 9 9 9 9 9 9 9 9 9 9 9 9 9 9 9 7 9 10 10 8 11 10 9 9 9 9 9 9 9 9 9 9 9 9 8 10 10 8 8 9 9 9 8 8 10 11 9 10 11 9 9 9 10 9 8 9 9 9 9 9 9 9 9 9 9 9 9 9 9 9 8 11 10 8 7 9 10 9 7 10 9 10 9 11 11 10 11 8 11 10 9 9 9 9 9 11 10 11 11 10 11 8 8 11 10 11 10 10 10 8 9 10 10 11 10 10 9 8 8 11 9 9 8 10 9 10 9 9 9 9 9 9 9 9 9 9 9 7 11 7 10 8 9 8 10 10 9 9 9 7 10 8 10 7 9 10 8 9 9 9 8 10 9 10 9 10 9 11 10 9 9 9 9 10 9 8 10 10 10 9 9 9 9 11 11 9 10 8 9 10 10 9 9 9 9 9 9 10 10 9 7 9 9 9 9 9 9 8 9 7 10 10 9 9 9 9 9 9 9 9 9 9 7 10 10 9 11 10 8 11 8 9 9 9 9 9 9 9 9 9 9 9 9 9 9 9 9 11 10 7 11 11 8 9 9 9 11 11 10 11 9 9 11 11 10 10 9 10 8 10 9 11 10 10 10 11 11 11 10 10 10 11 7 9 9 9 9 9 9 9 9 9 9 9 9 9 9 9 9 9 9 11 8 11 10 11 8 10 9 9 11 9 9 9 8 8 10 9 11 9 10 9 9 10 9 10 10 11 11 10 10 9 8 10 11 11 7 9 11 12 10 9 9 9 10 8 10 11 9 9 10 10 11 9 9 9 9 10 10 10 10 10 10 10 9 11 9 9 9 9 9 9 9 9 9 10 11 9 9 9 7 9 10 9 10 9 9 11 9 9 11 9 9 6 11 10 8 10 9 11 9 10 9 9 9 10 9 9 9 9 10 9 9 10 9 9 9 9 9 10 12 10 9 9 11 8 11 9 9 9 9 9 9 9 9 9 9 9 9 9 9 9 9 10 8 10 8 10 9 9 10 10 10 10 9 9 9 11 9 10 10 10 8 9 10 8 9 9 9 10 9 11 10 10 10 10 11 9 10 11 11 11 10 9 10 9 9 11 12 10 10 11 9 11 8 9 9 9 10 10 10 6 9 8 10 10 9 10 9 9 9 9 9 9 6 10 11 10 8 9 9 9 10 8 10 8 11 10 10 7 8 8 8 10 8 10 8 9 9 9 9 9 9 9 9 9 9 10 10 10 7 11 10 10 8 10 10 9 10 10 10 10 9 9 9 9 9 10 9 9 9 9 9 9 9 9 9 9 9 9 9 9 9 9 9 9 9 9 9 10 11 9 9 10 10 9 9 9 10 9 10 9 10 11 9 9 11 10 8 9 9 10 11 7 9 9 9 9 9 9 9 9 9 9 9 9 7 9 8 9 9 10 10 8 10 9 9 11 9 9 8 8 8 9 10 9 9 10 10 9 10 10 8 9 10 10 10 9 10 10 11 9 9 10 8 9 9 10 9 9 9 9 9 9 9 10 11 7 9 10 10 8 10 10 10 9 8 8 10 9 9 7 10 11 9 9 9 9 8 10 11 9 10 10 9 9 9 9 9 9 9 10 11 6 11 9 9 9 10 8 9 9 9 9 10 9 9 10 10 9 10 11 9 11 8 8 10 10 10 9 10 10 9 9 10 9 10 9 10 10 8 7 10 9 10 11 8 9 10 8 10 9 9 8 10 8 8 8 9 10 7 10 9 10 10 8 9 9 10 8 9 9 9 9 9 9 9 9 9 9 9 9 9 9 9 9 10 9 8 10 9 9 10 9 10 9 8 8 8 8 9 8 9 8 10 10 9 8 9 9 10 11 10 10 8 9 10 10 9 9 10 9 10 10 9 10 9 9 9 9 10 8 10 11 9 10 10 9 9 9 9 9 9 10 9 8 9 10 9 9 7 9 9 10 12 7 8 10 11 10 11 7 9 9 9 9 9 9 9 9 9 9 9 9 9 9 9 9 9 9 9 9 9 9 9 9 8 9 10 9 10 8 9 10 9 10 8 10 11 8 9 9 8 10 10 10 9 8 10 9 9 9 9 9 9 9 9 9 9 9 9 9 9 9 9 9 9 9 9 9 9 9 9 9 9 9 9 9 9 9 9 9 9 9 9 9 9 9 9 9 9 9 9 9 9 9 9 9 9 9 9 9 9 9 9 9 9 9 9 9 9 9 9 9 9 9 9 9 9 9 9 9 9 9 9 10 8 10 10 10 10 11 10 8 11 10 7 9 8 10 8 9 9 9 9 9 9 9 9 9 9 9 9 9 9 9 9 9 9 9 9 9 9 10 7 9 9 9 9 9 9 9 9 9 9 9 9 9 9 9 9 9 9 8 9 10 7 10 10 10 10 8 9 10 10 9 8 9 9 9 9 9 9 9 10 7 10 10 9 10 7 9 9 10 10 9 6 10 10 10 8 9 6 11 9 8 9 9 9 11 11 10 9 8 9 9 9 10 8 7 10 9 8 10 9 9 10 10 7 11 9 11 9 10 10 8 8 9 9 9 9 9 9 9 9 9 9 9 7 10 9 10 8 9 9 9 9 9 9 9 9 8 11 9 9 9 9 9 9 9 9 9 9 9 9 9 9 9 9 8 10 10 11 8 9 9 9 9 9 9 9 8 9 10 10 8 9 9 9 9 9 9 8 7 9 11 10 10 10 8 9 9 9 9 9 9 9 6 10 10 11 11 11 11 10 8 10 10 11 10 10 10 7 9 10 10 8 8 9 9 8 9 8 9 10 8 11 8 9 10 9 9 10 11 8 11 10 9 9 7 9 10 9 9 9 10 9 9 9 9 9 9 9 9 9 9 9 9 9 10 9 9 9 9 9 9 9 9 9 9 9 9 9 9 10 9 10 8 11 9 9 9 9 9 9 10 8 8 10 10 10 8 9 9 8 8 10 9 12 10 8 9 9 10 9 11 9 9 9 7 9 10 10 10 10 9 10 10 10 10 7 11 7 10 10 9 10 9 11 9 9 9 9 9 9 9 9 9 9 9 11 9 11 11 10 9 10 10 10 9 10 11 8 10 10 11 9 12 10 10 12 9 11 10 7 9 10 9 9 9 8 8 11 10 9 11 9 10 11 10 10 11 9 10 11 8 11 11 11 11 10 10 8 8 9 11 10 9 9 10 10 10
ML_NNI2	(sp|Q99MU3|DSRAD_MOUSE:0.13210,sp|P55265|DSRAD_HUMAN:0.10619,(sp|Q9VF87|CYFIP_DROME:1.14306,(sp|Q59109|DSRA_ARCFU:0.29702,sp|P45574|DSVA_DESVH:0.39260):1.27693):0.69292);
TreeLogLk	ML_NNI2	-9752.6539	MaxChange	0.0000
Turning off heuristics for final round of ML NNIs (converged)
ML_NNI3	(sp|Q99MU3|DSRAD_MOUSE:0.13356,sp|P55265|DSRAD_HUMAN:0.10465,(sp|Q9VF87|CYFIP_DROME:1.15222,(sp|Q59109|DSRA_ARCFU:0.29953,sp|P45574|DSVA_DESVH:0.39820):1.27086):0.68903);
TreeLogLk	ML_NNI3	-9752.6327	MaxChange	0.0000
ML_Lengths2	(sp|Q99MU3|DSRAD_MOUSE:0.13558,sp|P55265|DSRAD_HUMAN:0.10309,(sp|Q9VF87|CYFIP_DROME:1.15337,(sp|Q59109|DSRA_ARCFU:0.29360,sp|P45574|DSVA_DESVH:0.40253):1.27213):0.68684);
TreeLogLk	ML_Lengths2	-9752.6196
Total time: 0.22 seconds Unique: 5/5 Bad splits: 0/2
Dist/N**2: by-profile 12.360 (out 0.480) by-leaf 1.560 avg-prof 5.160
 Hill-climb: 0 Update-best: 2
NNI: 0 SPR: 0 ML-NNI: 0
Max-lk operations: lk 1523 posterior 242 approximate-posteriors 0.00% star-only 2
TreeCompleted
