Command: fasttree -lg -log log/DsrA.muscle_aligned.fasttree_lg.log intermediate/DsrA.muscle_aligned.faa
FastTree Version 2.1.11 SSE3
Alignment: intermediate/DsrA.muscle_aligned.faa
Amino acid distances: BLOSUM45 Joins: balanced Support: SH-like 1000
Search: Normal +NNI +SPR (2 rounds range 10) +ML-NNI opt-each=1
TopHits: 1.00*sqrtN close=default refresh=0.80
ML Model: Le-Gascuel 2008, CAT approximation with 20 rate categories
Read 5 sequences, 1393 positions
NJ	(sp|Q99MU3|DSRAD_MOUSE:0.07748,sp|P55265|DSRAD_HUMAN:0.08770,(sp|Q9VF87|CYFIP_DROME:0.49869,(sp|Q59109|DSRA_ARCFU:0.17694,sp|P45574|DSVA_DESVH:0.18320):0.12141):0.34098);
ME_NNI1	(sp|Q99MU3|DSRAD_MOUSE:0.07748,sp|P55265|DSRAD_HUMAN:0.08770,(sp|Q9VF87|CYFIP_DROME:0.49869,(sp|Q59109|DSRA_ARCFU:0.17694,sp|P45574|DSVA_DESVH:0.18320):0.12141):0.34098);
Min_evolution NNIs converged at round 1 -- skipping some rounds
ME_SPR1	(sp|Q99MU3|DSRAD_MOUSE:0.07748,sp|P55265|DSRAD_HUMAN:0.08770,(sp|Q9VF87|CYFIP_DROME:0.49869,(sp|Q59109|DSRA_ARCFU:0.17694,sp|P45574|DSVA_DESVH:0.18320):0.12141):0.34098);
ME_NNI4	(sp|Q99MU3|DSRAD_MOUSE:0.07748,sp|P55265|DSRAD_HUMAN:0.08770,(sp|Q9VF87|CYFIP_DROME:0.49869,(sp|Q59109|DSRA_ARCFU:0.17694,sp|P45574|DSVA_DESVH:0.18320):0.12141):0.34098);
Min_evolution NNIs converged at round 4 -- skipping some rounds
ME_SPR2	(sp|Q99MU3|DSRAD_MOUSE:0.07748,sp|P55265|DSRAD_HUMAN:0.08770,(sp|Q9VF87|CYFIP_DROME:0.49869,(sp|Q59109|DSRA_ARCFU:0.17694,sp|P45574|DSVA_DESVH:0.18320):0.12141):0.34098);
ME_NNI7	(sp|Q99MU3|DSRAD_MOUSE:0.07748,sp|P55265|DSRAD_HUMAN:0.08770,(sp|Q9VF87|CYFIP_DROME:0.49869,(sp|Q59109|DSRA_ARCFU:0.17694,sp|P45574|DSVA_DESVH:0.18320):0.12141):0.34098);
Min_evolution NNIs converged at round 7 -- skipping some rounds
ME_Lengths	(sp|Q99MU3|DSRAD_MOUSE:0.07967,sp|P55265|DSRAD_HUMAN:0.15504,(sp|Q9VF87|CYFIP_DROME:1.61533,(sp|Q59109|DSRA_ARCFU:0.28333,sp|P45574|DSVA_DESVH:0.29714):0.18767):0.94372);
Total branch-length 3.562 after 0.01 sec
ML_Lengths1	(sp|Q99MU3|DSRAD_MOUSE:0.08858,sp|P55265|DSRAD_HUMAN:0.15210,(sp|Q9VF87|CYFIP_DROME:2.94552,(sp|Q59109|DSRA_ARCFU:0.38118,sp|P45574|DSVA_DESVH:0.33388):0.44927):1.38720);
ML_NNI1	(sp|Q99MU3|DSRAD_MOUSE:0.08963,sp|P55265|DSRAD_HUMAN:0.15117,(sp|Q9VF87|CYFIP_DROME:2.90256,(sp|Q59109|DSRA_ARCFU:0.39513,sp|P45574|DSVA_DESVH:0.32569):0.29980):1.49034);
TreeLogLk	ML_NNI1	-10309.3869	MaxChange	0.0000
NCategories	20
Rates 0.067652 0.092732 0.127110 0.174234 0.238826 0.327365 0.448728 0.615083 0.843110 1.155673 1.584111 2.171381 2.976367 4.079783 5.592263 7.665458 10.507239 14.402543 19.741934 27.060774
SiteCategories 9 9 9 9 9 9 9 9 9 9 9 9 9 9 9 9 9 9 9 9 9 9 9 9 9 9 9 9 9 9 9 9 9 9 9 9 9 9 9 9 9 9 9 9 9 9 9 11 10 9 8 9 10 10 11 10 9 11 9 11 9 10 11 9 10 8 9 9 9 9 9 9 8 7 10 9 8 9 6 10 11 10 10 7 10 10 10 10 9 11 11 9 10 7 11 10 11 10 9 9 6 10 9 10 9 9 10 11 10 10 9 9 10 10 9 9 11 8 9 10 9 8 10 10 9 8 9 9 9 9 9 9 9 9 9 9 10 7 11 9 9 9 9 9 9 9 9 9 10 9 9 6 10 10 10 10 11 11 11 10 11 9 8 10 10 10 9 12 11 9 10 10 11 9 11 11 7 11 10 9 12 11 11 9 12 11 12 11 11 10 11 10 9 11 11 9 11 11 10 11 11 11 9 11 9 9 10 10 9 8 6 9 10 10 10 10 9 9 9 9 9 11 12 8 8 8 10 10 7 10 10 9 9 10 9 9 11 8 10 11 11 9 10 10 10 10 10 11 9 9 9 11 10 7 10 10 11 10 9 10 10 9 9 11 11 11 10 11 10 10 8 9 10 10 11 10 9 9 10 9 10 6 9 10 9 10 10 10 8 10 10 10 9 10 10 9 10 10 10 9 9 10 10 9 10 8 10 10 10 9 10 9 10 9 9 10 9 10 9 9 10 11 10 10 10 9 9 9 9 8 11 10 9 10 8 9 9 9 9 9 9 9 9 9 9 9 9 9 9 9 9 9 9 9 9 6 11 10 10 6 11 10 11 10 9 10 11 10 10 10 9 10 11 11 7 8 11 10 11 10 9 10 10 10 11 9 11 10 11 8 10 10 10 9 9 10 9 9 10 9 8 10 9 10 9 9 10 10 10 9 10 8 8 10 9 9 8 10 10 10 9 9 9 10 10 11 10 10 10 10 10 10 10 9 7 10 9 10 9 10 9 8 10 11 9 10 10 10 10 11 10 9 10 7 10 10 9 10 9 9 10 8 10 10 6 11 10 10 10 10 11 11 10 10 11 11 9 8 10 11 9 10 11 10 10 11 11 11 9 9 10 11 10 10 9 9 9 10 11 11 11 10 10 10 8 10 10 9 10 9 10 10 10 9 11 10 10 8 11 10 9 10 9 10 10 11 10 10 9 10 10 11 11 11 8 8 10 10 9 9 10 10 10 11 10 9 9 7 11 11 10 8 11 11 10 9 9 10 9 9 9 9 10 10 9 9 9 10 9 6 10 9 9 9 10 11 11 11 11 10 9 9 9 10 7 9 10 10 10 9 10 10 9 9 7 10 8 9 10 10 10 9 9 9 9 9 9 9 9 6 10 8 8 9 8 8 9 10 11 10 9 8 8 8 9 11 11 8 10 10 10 10 11 11 9 8 10 11 8 10 10 9 7 10 10 9 10 10 9 9 10 10 9 7 9 9 9 9 10 8 9 10 8 9 10 9 11 10 9 9 10 9 10 8 11 10 9 10 9 9 9 10 10 9 10 10 10 10 9 9 11 11 11 9 9 9 10 12 8 9 10 10 9 11 8 10 11 9 10 9 11 11 9 9 9 10 10 8 9 10 10 9 9 10 9 9 8 9 9 6 9 10 9 9 10 10 10 8 8 9 9 9 6 8 10 9 10 10 10 10 11 9 10 11 9 9 9 10 8 10 9 9 9 10 9 10 9 7 10 11 10 6 10 8 9 9 9 10 10 9 9 8 10 9 9 9 10 9 9 10 8 11 11 9 9 10 11 8 10 10 10 9 10 9 11 10 9 10 10 10 10 10 8 8 9 9 9 9 9 9 11 10 6 9 9 9 11 7 10 7 8 10 10 10 8 9 9 6 10 8 9 10 9 9 8 10 9 7 10 10 10 9 9 7 9 9 10 9 7 10 10 8 9 9 9 9 9 6 10 9 10 10 9 7 9 9 9 9 9 9 9 9 9 9 9 9 9 9 10 10 11 11 11 8 10 8 11 8 9 10 8 11 10 8 9 10 10 11 9 9 9 9 9 9 9 9 10 7 8 9 10 9 9 9 9 9 11 10 10 10 9 9 8 10 10 10 10 10 9 10 8 9 9 9 8 10 10 8 10 6 9 10 10 11 10 10 6 10 10 9 10 9 9 8 9 9 9 10 8 9 9 8 9 8 9 9 9 9 10 9 9 8 10 9 10 10 9 9 9 10 10 10 7 10 9 8 9 9 9 9 10 9 10 10 9 10 10 9 8 10 9 10 10 10 9 10 11 11 9 9 9 10 10 11 6 11 10 11 11 10 11 10 8 10 9 9 9 8 8 7 10 10 10 9 10 10 9 10 8 8 9 9 9 9 9 8 9 10 10 9 9 10 11 10 9 9 7 11 7 11 9 10 7 9 9 10 10 10 10 9 9 8 9 9 10 9 7 10 9 10 8 9 9 9 9 9 9 9 9 9 10 6 10 10 10 9 11 9 9 8 9 9 9 7 10 10 9 10 7 9 6 10 9 10 10 9 10 10 9 7 8 10 9 9 9 10 9 9 9 9 9 9 9 9 9 9 10 9 9 8 7 11 11 7 10 8 9 8 9 6 9 9 8 8 8 10 8 9 10 9 9 9 9 9 9 9 9 9 9 9 9 9 9 10 9 10 11 11 9 10 10 9 7 8 10 10 10 11 11 10 9 10 11 10 10 11 10 8 10 9 9 10 10 10 9 10 9 10 9 10 6 9 10 9 9 10 9 9 10 10 8 8 11 9 9 9 9 9 9 10 10 9 8 9 10 10 9 10 10 10 9 10 8 9 9 10 10 10 10 8 10 9 10 10 11 10 9 7 6 10 9 8 10 11 8 10 11 10 11 8 10 10 11 10 9 9 9 9 9 9 9 9 9 11 11 8 10 8 10 10 11 9 9 9 10 8 9 10 8 10 10 12 12 10 10 9 8 10 9 9 9 9 10 7 9 9 10 10 8 9 8 9 9 9 9 9 11 9 9 9 9 9 10 9 9 9 11 9 11 10 10 9 9 10 10 11 9 11 9 9 9 8 11 8 9 11 9 10 8 9 9 9 9 9 9 9 9 9 9 9 9 9 9 9 9 9 9 9 9 9 9 9 9
ML_NNI2	(sp|Q99MU3|DSRAD_MOUSE:0.08963,sp|P55265|DSRAD_HUMAN:0.15117,(sp|Q9VF87|CYFIP_DROME:2.90256,(sp|Q59109|DSRA_ARCFU:0.39513,sp|P45574|DSVA_DESVH:0.32569):0.32735):1.47975);
TreeLogLk	ML_NNI2	-10009.9887	MaxChange	0.0000
Turning off heuristics for final round of ML NNIs (converged)
ML_NNI3	(sp|Q99MU3|DSRAD_MOUSE:0.09456,sp|P55265|DSRAD_HUMAN:0.15301,(sp|Q9VF87|CYFIP_DROME:2.79403,(sp|Q59109|DSRA_ARCFU:0.41215,sp|P45574|DSVA_DESVH:0.30373):0.33912):1.49883);
TreeLogLk	ML_NNI3	-10009.6941	MaxChange	0.0000
ML_Lengths2	(sp|Q99MU3|DSRAD_MOUSE:0.09173,sp|P55265|DSRAD_HUMAN:0.15556,(sp|Q9VF87|CYFIP_DROME:2.79403,(sp|Q59109|DSRA_ARCFU:0.41878,sp|P45574|DSVA_DESVH:0.29924):0.34049):1.49721);
TreeLogLk	ML_Lengths2	-10009.6732
Total time: 0.24 seconds Unique: 5/5 Bad splits: 0/2
Dist/N**2: by-profile 12.360 (out 0.480) by-leaf 1.560 avg-prof 5.160
 Hill-climb: 0 Update-best: 2
NNI: 0 SPR: 0 ML-NNI: 0
Max-lk operations: lk 1884 posterior 291 approximate-posteriors 0.00% star-only 2
TreeCompleted
