Command: fasttree -gtr -log log/DsrA.muscle_aligned.fasttree_gtr.log intermediate/DsrA.muscle_aligned.faa
FastTree Version 2.1.11 SSE3
Alignment: intermediate/DsrA.muscle_aligned.faa
Amino acid distances: BLOSUM45 Joins: balanced Support: SH-like 1000
Search: Normal +NNI +SPR (2 rounds range 10) +ML-NNI opt-each=1
TopHits: 1.00*sqrtN close=default refresh=0.80
ML Model: Jones-Taylor-Thorton, CAT approximation with 20 rate categories
Read 5 sequences, 1393 positions
NJ	(sp|Q99MU3|DSRAD_MOUSE:0.07748,sp|P55265|DSRAD_HUMAN:0.08770,(sp|Q9VF87|CYFIP_DROME:0.49869,(sp|Q59109|DSRA_ARCFU:0.17694,sp|P45574|DSVA_DESVH:0.18320):0.12141):0.34098);
ME_NNI1	(sp|Q99MU3|DSRAD_MOUSE:0.07748,sp|P55265|DSRAD_HUMAN:0.08770,(sp|Q9VF87|CYFIP_DROME:0.49869,(sp|Q59109|DSRA_ARCFU:0.17694,sp|P45574|DSVA_DESVH:0.18320):0.12141):0.34098);
Min_evolution NNIs converged at round 1 -- skipping some rounds
ME_SPR1	(sp|Q99MU3|DSRAD_MOUSE:0.07748,sp|P55265|DSRAD_HUMAN:0.08770,(sp|Q9VF87|CYFIP_DROME:0.49869,(sp|Q59109|DSRA_ARCFU:0.17694,sp|P45574|DSVA_DESVH:0.18320):0.12141):0.34098);
ME_NNI4	(sp|Q99MU3|DSRAD_MOUSE:0.07748,sp|P55265|DSRAD_HUMAN:0.08770,(sp|Q9VF87|CYFIP_DROME:0.49869,(sp|Q59109|DSRA_ARCFU:0.17694,sp|P45574|DSVA_DESVH:0.18320):0.12141):0.34098);
Min_evolution NNIs converged at round 4 -- skipping some rounds
ME_SPR2	(sp|Q99MU3|DSRAD_MOUSE:0.07748,sp|P55265|DSRAD_HUMAN:0.08770,(sp|Q9VF87|CYFIP_DROME:0.49869,(sp|Q59109|DSRA_ARCFU:0.17694,sp|P45574|DSVA_DESVH:0.18320):0.12141):0.34098);
ME_NNI7	(sp|Q99MU3|DSRAD_MOUSE:0.07748,sp|P55265|DSRAD_HUMAN:0.08770,(sp|Q9VF87|CYFIP_DROME:0.49869,(sp|Q59109|DSRA_ARCFU:0.17694,sp|P45574|DSVA_DESVH:0.18320):0.12141):0.34098);
Min_evolution NNIs converged at round 7 -- skipping some rounds
ME_Lengths	(sp|Q99MU3|DSRAD_MOUSE:0.07967,sp|P55265|DSRAD_HUMAN:0.15504,(sp|Q9VF87|CYFIP_DROME:1.61533,(sp|Q59109|DSRA_ARCFU:0.28333,sp|P45574|DSVA_DESVH:0.29714):0.18767):0.94372);
Total branch-length 3.562 after 0.02 sec
ML_Lengths1	(sp|Q99MU3|DSRAD_MOUSE:0.08019,sp|P55265|DSRAD_HUMAN:0.14860,(sp|Q9VF87|CYFIP_DROME:2.62389,(sp|Q59109|DSRA_ARCFU:0.37727,sp|P45574|DSVA_DESVH:0.32296):0.54048):1.16520);
ML_NNI1	(sp|Q99MU3|DSRAD_MOUSE:0.08245,sp|P55265|DSRAD_HUMAN:0.14657,(sp|Q9VF87|CYFIP_DROME:2.59139,(sp|Q59109|DSRA_ARCFU:0.39044,sp|P45574|DSVA_DESVH:0.31423):0.47568):1.19997);
TreeLogLk	ML_NNI1	-10267.8544	MaxChange	0.0000
NCategories	20
Rates 0.067476 0.092492 0.126781 0.173782 0.238207 0.326516 0.447564 0.613488 0.840924 1.152676 1.580002 2.165749 2.968647 4.069201 5.577758 7.645576 10.479986 14.365187 19.690729 26.990585
SiteCategories 9 9 9 9 9 9 9 9 9 9 9 9 9 9 9 9 9 9 9 9 9 9 9 9 9 9 9 9 9 9 9 9 9 9 9 9 9 9 9 9 9 9 9 9 9 10 9 11 10 9 7 9 10 10 11 10 9 11 9 11 9 10 11 10 10 9 9 9 9 9 9 9 8 7 10 9 8 9 6 10 11 10 10 8 10 10 9 11 10 11 11 9 10 7 11 9 10 10 9 9 7 10 9 10 9 9 10 11 10 10 10 9 10 10 9 9 11 9 9 10 9 8 9 10 9 9 9 9 9 9 9 9 9 9 9 9 10 7 11 9 9 9 9 9 9 9 9 9 10 9 10 7 10 10 10 10 11 10 10 9 11 10 8 10 10 10 9 12 11 9 10 10 11 9 11 11 8 11 11 9 12 11 11 9 12 11 12 11 10 9 11 10 9 11 11 9 11 11 10 11 11 11 9 11 9 9 10 9 9 8 7 9 10 9 10 10 9 9 9 9 9 11 12 8 8 8 10 10 7 10 10 9 9 10 9 9 10 8 10 11 11 9 10 9 10 10 10 11 9 9 9 11 9 7 10 10 11 10 9 10 10 9 9 11 11 11 10 11 10 10 8 9 10 10 11 10 10 9 10 9 10 7 9 10 10 10 10 10 8 10 10 10 9 10 10 9 10 10 10 10 9 9 10 9 10 7 10 10 9 9 10 10 10 9 9 11 9 10 9 9 9 11 10 10 10 10 10 10 10 8 10 9 9 10 8 9 9 9 9 9 9 9 9 9 9 9 9 9 9 9 9 9 9 9 9 6 11 10 10 7 11 10 11 10 9 10 11 10 9 10 9 10 11 11 7 8 10 10 11 9 10 10 10 10 11 9 11 10 11 8 10 10 10 9 9 10 10 9 10 10 8 10 9 10 9 9 9 10 10 9 10 8 8 9 8 10 8 10 10 10 9 9 9 9 10 11 10 10 10 10 10 10 11 10 7 10 9 10 9 10 10 9 10 11 8 9 10 10 10 11 10 9 10 7 10 10 9 10 9 10 10 8 10 10 7 11 10 11 10 10 11 11 10 10 11 11 8 8 10 11 9 9 11 10 10 10 11 11 10 8 9 11 11 10 9 9 9 10 11 11 11 10 10 10 8 10 10 9 10 10 10 10 9 10 11 10 10 8 11 10 9 9 9 10 10 11 10 10 9 10 10 11 11 11 8 7 10 9 9 9 10 10 10 11 10 9 9 7 11 11 10 8 10 11 10 9 9 10 9 9 9 9 10 10 9 9 9 10 9 6 11 9 10 8 10 11 11 11 11 10 9 9 9 10 7 10 10 9 10 10 10 10 9 9 7 9 8 9 10 10 10 9 9 9 9 9 9 9 9 7 10 8 8 9 9 8 9 10 11 10 9 8 9 8 9 10 11 8 10 10 10 10 10 11 9 8 10 11 9 10 10 9 7 10 10 10 10 10 10 10 9 9 9 7 9 10 9 10 10 8 8 10 9 10 10 9 11 10 9 9 10 9 10 9 11 10 9 10 8 10 9 9 10 9 10 10 9 10 9 9 11 11 11 9 9 9 11 12 8 9 10 10 10 11 8 10 11 9 10 8 11 11 9 10 10 9 9 9 9 9 10 10 9 10 9 9 8 9 9 7 9 10 9 9 10 10 10 9 9 9 9 9 7 8 10 9 10 10 10 10 11 9 10 11 9 10 10 10 8 9 9 9 10 9 9 9 9 7 10 11 10 7 10 7 9 9 9 10 10 9 10 9 10 10 9 10 10 9 9 10 8 11 11 10 9 10 11 8 10 10 10 10 10 9 11 10 9 11 10 10 10 10 8 8 9 9 9 10 9 9 11 10 6 10 9 9 10 7 10 7 8 10 9 10 8 9 8 6 9 8 10 10 9 9 8 10 9 8 10 10 10 9 9 7 9 9 10 10 7 10 10 8 9 9 9 9 9 6 10 9 11 10 9 7 9 9 9 9 9 9 9 9 9 9 9 9 10 9 10 10 11 11 11 9 9 8 10 9 9 10 8 11 10 8 9 9 10 11 9 9 9 9 9 9 9 9 10 8 8 10 9 9 10 9 9 9 11 10 10 10 9 9 8 9 10 10 10 10 9 10 8 9 9 9 8 10 10 8 10 7 9 10 10 11 9 10 7 10 10 9 10 9 9 8 9 9 8 10 9 9 10 8 9 8 9 10 9 9 10 9 9 8 9 9 9 10 9 9 9 10 9 10 7 10 9 9 9 9 9 9 10 9 10 10 8 11 10 9 8 10 9 10 10 10 8 10 10 11 9 9 10 9 10 11 6 11 9 10 11 10 11 11 8 10 9 9 9 8 8 8 10 10 9 9 10 10 9 10 8 9 9 10 9 10 9 9 9 10 10 9 9 10 11 10 9 9 7 11 7 11 9 10 7 9 9 10 10 10 10 9 9 8 9 9 10 9 7 9 9 10 7 9 9 9 9 9 9 9 9 9 9 7 10 10 10 10 11 9 8 8 9 9 9 7 10 10 9 10 7 9 6 9 9 10 10 10 10 10 10 7 8 9 9 9 9 10 8 9 9 9 9 9 9 9 9 9 10 8 9 8 7 11 11 7 10 8 9 8 9 6 8 9 8 9 8 10 8 8 10 9 9 9 9 9 9 9 9 9 9 9 9 9 8 10 9 10 11 10 9 10 10 9 7 8 10 10 10 11 10 11 10 9 11 10 10 11 10 9 10 10 9 10 10 11 9 9 9 10 9 10 7 10 10 9 10 10 10 9 10 9 8 7 11 9 10 9 9 10 9 10 10 9 8 9 10 11 9 11 10 10 9 10 9 9 8 10 11 10 10 8 10 9 10 10 11 10 9 7 6 10 9 8 10 11 7 10 11 10 11 8 10 10 11 10 9 9 9 9 9 9 9 9 9 11 11 8 10 8 10 10 11 9 9 9 9 7 9 10 8 10 9 11 12 10 10 8 8 10 9 9 8 9 10 7 9 9 10 10 8 9 8 9 9 9 9 9 11 9 9 9 9 9 10 9 9 9 10 8 11 10 10 9 9 10 10 11 9 11 10 9 9 8 11 8 9 11 9 10 8 9 9 9 9 9 9 9 9 9 9 9 9 9 9 9 9 9 9 9 9 9 9 9 9
ML_NNI2	(sp|Q99MU3|DSRAD_MOUSE:0.08245,sp|P55265|DSRAD_HUMAN:0.14657,(sp|Q9VF87|CYFIP_DROME:2.59139,(sp|Q59109|DSRA_ARCFU:0.39044,sp|P45574|DSVA_DESVH:0.31423):0.51906):1.19029);
TreeLogLk	ML_NNI2	-9978.7432	MaxChange	0.0000
Turning off heuristics for final round of ML NNIs (converged)
ML_NNI3	(sp|Q99MU3|DSRAD_MOUSE:0.08485,sp|P55265|DSRAD_HUMAN:0.14797,(sp|Q9VF87|CYFIP_DROME:2.50507,(sp|Q59109|DSRA_ARCFU:0.40204,sp|P45574|DSVA_DESVH:0.29603):0.52496):1.20880);
TreeLogLk	ML_NNI3	-9978.5061	MaxChange	0.0000
ML_Lengths2	(sp|Q99MU3|DSRAD_MOUSE:0.08277,sp|P55265|DSRAD_HUMAN:0.14985,(sp|Q9VF87|CYFIP_DROME:2.50256,(sp|Q59109|DSRA_ARCFU:0.42126,sp|P45574|DSVA_DESVH:0.28296):0.52550):1.21302);
TreeLogLk	ML_Lengths2	-9978.4400
Total time: 0.22 seconds Unique: 5/5 Bad splits: 0/2
Dist/N**2: by-profile 12.360 (out 0.480) by-leaf 1.560 avg-prof 5.160
 Hill-climb: 0 Update-best: 2
NNI: 0 SPR: 0 ML-NNI: 0
Max-lk operations: lk 1534 posterior 242 approximate-posteriors 0.00% star-only 2
TreeCompleted
