Command: fasttree -gtr -log log/DsrA.mafft_alignted.fasttree_gtr.log temp/DsrA.mafft_aligned.faa
FastTree Version 2.1.11 SSE3
Alignment: temp/DsrA.mafft_aligned.faa
Amino acid distances: BLOSUM45 Joins: balanced Support: SH-like 1000
Search: Normal +NNI +SPR (2 rounds range 10) +ML-NNI opt-each=1
TopHits: 1.00*sqrtN close=default refresh=0.80
ML Model: Jones-Taylor-Thorton, CAT approximation with 20 rate categories
Read 5 sequences, 1649 positions
NJ	(sp|Q99MU3|DSRAD_MOUSE:0.08535,sp|P55265|DSRAD_HUMAN:0.08008,(sp|Q9VF87|CYFIP_DROME:0.33872,(sp|Q59109|DSRA_ARCFU:0.16564,sp|P45574|DSVA_DESVH:0.18256):0.21830):0.21770);
ME_NNI1	(sp|Q99MU3|DSRAD_MOUSE:0.08535,sp|P55265|DSRAD_HUMAN:0.08008,(sp|Q9VF87|CYFIP_DROME:0.33872,(sp|Q59109|DSRA_ARCFU:0.16564,sp|P45574|DSVA_DESVH:0.18256):0.21830):0.21770);
Min_evolution NNIs converged at round 1 -- skipping some rounds
ME_SPR1	(sp|Q99MU3|DSRAD_MOUSE:0.08535,sp|P55265|DSRAD_HUMAN:0.08008,(sp|Q9VF87|CYFIP_DROME:0.33872,(sp|Q59109|DSRA_ARCFU:0.16564,sp|P45574|DSVA_DESVH:0.18256):0.21830):0.21770);
ME_NNI4	(sp|Q99MU3|DSRAD_MOUSE:0.08535,sp|P55265|DSRAD_HUMAN:0.08008,(sp|Q9VF87|CYFIP_DROME:0.33872,(sp|Q59109|DSRA_ARCFU:0.16564,sp|P45574|DSVA_DESVH:0.18256):0.21830):0.21770);
Min_evolution NNIs converged at round 4 -- skipping some rounds
ME_SPR2	(sp|Q99MU3|DSRAD_MOUSE:0.08535,sp|P55265|DSRAD_HUMAN:0.08008,(sp|Q9VF87|CYFIP_DROME:0.33872,(sp|Q59109|DSRA_ARCFU:0.16564,sp|P45574|DSVA_DESVH:0.18256):0.21830):0.21770);
ME_NNI7	(sp|Q99MU3|DSRAD_MOUSE:0.08535,sp|P55265|DSRAD_HUMAN:0.08008,(sp|Q9VF87|CYFIP_DROME:0.33872,(sp|Q59109|DSRA_ARCFU:0.16564,sp|P45574|DSVA_DESVH:0.18256):0.21830):0.21770);
Min_evolution NNIs converged at round 7 -- skipping some rounds
ME_Lengths	(sp|Q99MU3|DSRAD_MOUSE:0.12779,sp|P55265|DSRAD_HUMAN:0.10729,(sp|Q9VF87|CYFIP_DROME:0.78386,(sp|Q59109|DSRA_ARCFU:0.22391,sp|P45574|DSVA_DESVH:0.33251):0.64756):0.48560);
Total branch-length 2.709 after 0.01 sec
ML_Lengths1	(sp|Q99MU3|DSRAD_MOUSE:0.12042,sp|P55265|DSRAD_HUMAN:0.10592,(sp|Q9VF87|CYFIP_DROME:1.16141,(sp|Q59109|DSRA_ARCFU:0.30500,sp|P45574|DSVA_DESVH:0.37192):1.08980):0.61621);
ML_NNI1	(sp|Q99MU3|DSRAD_MOUSE:0.12075,sp|P55265|DSRAD_HUMAN:0.10561,(sp|Q9VF87|CYFIP_DROME:1.11041,(sp|Q59109|DSRA_ARCFU:0.30216,sp|P45574|DSVA_DESVH:0.37192):1.07074):0.63947);
TreeLogLk	ML_NNI1	-10046.9751	MaxChange	0.0000
NCategories	20
Rates 0.069629 0.095442 0.130824 0.179324 0.245805 0.336931 0.461840 0.633055 0.867745 1.189440 1.630396 2.234826 3.063333 4.198989 5.755662 7.889433 10.814249 14.823368 20.318769 27.851458
SiteCategories 9 9 11 10 9 9 10 9 10 10 10 9 11 10 10 9 10 11 9 10 9 9 9 9 9 9 9 9 10 10 10 9 9 10 9 9 9 8 10 10 10 11 10 11 9 11 12 7 11 10 9 7 10 8 10 10 9 11 10 7 9 8 10 8 11 8 10 11 8 10 11 7 10 10 9 10 9 9 9 10 11 9 9 7 10 9 9 9 10 10 10 11 11 10 8 10 11 11 8 11 11 9 10 10 12 9 11 9 9 9 9 9 9 9 9 9 9 8 10 10 9 8 11 10 11 10 11 11 10 9 9 9 9 10 11 11 10 7 11 9 11 9 11 10 11 11 11 7 12 10 10 10 9 10 10 11 10 9 11 10 10 10 10 9 11 10 11 10 11 11 11 10 7 10 12 9 7 10 9 9 12 10 10 8 8 9 10 8 10 10 9 10 10 10 9 10 10 9 10 11 10 9 9 8 10 10 9 9 10 11 9 8 10 11 10 10 10 10 10 9 10 9 9 9 8 8 9 9 9 9 9 9 9 9 9 9 9 9 9 9 9 9 9 9 9 9 9 9 9 9 9 9 7 9 10 10 8 11 10 9 9 9 9 9 9 9 9 9 9 9 9 8 10 10 8 8 9 9 9 8 8 10 11 9 10 10 9 10 10 10 9 8 9 9 9 9 9 9 9 9 9 9 9 9 9 9 9 8 11 9 8 7 9 10 9 8 10 9 10 9 11 11 10 11 8 11 10 9 9 9 9 9 11 10 11 11 10 10 8 8 11 10 11 10 11 10 8 9 10 10 10 10 10 9 8 8 10 9 9 8 10 10 10 9 9 9 9 9 9 9 9 9 9 9 7 11 7 10 8 9 8 10 10 9 9 9 7 10 8 10 7 10 10 8 9 9 9 8 10 9 10 9 10 9 11 10 9 9 9 9 10 9 8 10 10 10 9 9 9 10 11 11 10 10 8 9 10 10 9 9 9 9 9 9 10 10 9 8 9 9 9 9 9 9 8 9 7 10 10 9 9 9 9 9 9 9 9 9 9 7 10 10 9 11 10 8 11 8 9 9 9 9 9 9 9 9 9 9 9 9 9 9 9 9 11 10 7 12 10 8 9 9 9 11 11 10 11 9 10 10 11 10 10 9 10 8 10 9 11 10 10 9 11 11 11 10 10 10 11 8 9 9 9 9 9 9 9 9 9 9 9 9 9 9 9 9 9 9 11 7 11 10 11 8 10 9 9 11 9 9 9 8 8 10 9 10 9 11 9 9 10 9 10 10 11 11 10 10 9 8 10 12 11 7 9 10 12 10 9 9 9 10 8 10 10 9 9 10 10 11 10 9 9 9 10 10 10 10 10 10 10 9 10 9 9 9 9 9 9 9 9 9 10 11 9 9 9 8 9 11 10 10 9 9 11 9 9 11 9 9 6 11 10 8 10 9 11 8 10 9 10 9 10 9 9 9 9 10 9 9 10 9 9 9 9 9 10 11 9 8 9 11 8 11 9 9 9 9 9 9 9 9 9 9 9 9 9 9 9 9 10 8 10 8 10 9 9 10 10 10 10 9 9 9 10 9 10 10 10 8 9 10 8 9 9 9 10 9 11 10 9 10 10 11 9 10 11 11 11 10 9 10 9 9 11 11 11 10 11 10 10 7 9 9 9 10 10 10 6 9 8 10 10 9 10 9 9 9 9 9 8 6 10 11 10 9 9 9 9 10 8 10 7 11 10 10 8 7 8 8 10 8 10 8 9 9 9 9 9 9 9 9 9 9 10 10 10 8 11 10 10 8 10 10 9 10 10 10 10 9 9 9 9 9 10 9 9 9 9 9 9 9 9 9 9 9 9 9 9 9 9 9 9 9 9 9 10 10 9 9 10 10 9 9 9 10 9 10 9 10 10 9 9 11 10 8 9 9 10 11 8 9 9 9 9 9 9 9 9 9 9 9 9 7 9 8 10 10 10 10 8 10 9 9 11 9 9 8 8 8 9 10 9 9 10 10 10 10 10 8 10 10 10 10 9 10 10 11 9 9 10 8 9 9 10 9 9 9 9 9 9 9 9 11 8 9 10 10 8 10 10 10 10 8 8 10 9 9 8 11 10 9 9 9 10 7 10 10 9 10 10 9 9 9 9 9 9 9 10 11 6 10 9 8 9 10 8 10 9 9 9 10 9 9 10 10 9 11 11 9 11 8 8 10 9 10 10 10 10 9 10 10 9 10 9 10 10 8 7 10 10 10 11 8 9 10 8 10 9 9 8 10 8 8 8 9 10 7 10 9 10 10 8 9 9 10 8 9 9 9 9 9 9 9 9 9 9 9 9 9 9 9 9 10 9 8 10 9 10 11 9 10 10 8 8 8 8 9 8 9 8 10 10 9 8 9 9 10 10 10 10 8 10 10 10 9 10 10 9 10 10 9 10 9 9 9 9 10 8 10 11 9 10 10 9 9 9 9 9 9 10 9 9 9 10 9 9 7 9 9 10 11 8 8 10 11 11 10 7 10 9 9 9 9 9 9 9 9 9 9 9 9 9 9 9 9 9 9 9 9 9 9 9 8 9 10 9 10 8 9 10 10 10 8 10 11 8 9 9 8 10 10 10 9 8 10 9 9 9 9 9 9 9 9 9 9 9 9 9 9 9 9 9 9 9 9 9 9 9 9 9 9 9 9 9 9 9 9 9 9 9 9 9 9 9 9 9 9 9 9 9 9 9 9 9 9 9 9 9 9 9 9 9 9 9 9 9 9 9 9 9 9 9 9 9 9 9 9 9 9 9 9 10 8 10 10 9 10 11 10 7 11 10 7 9 8 10 8 9 9 9 9 9 9 9 9 9 9 9 9 9 9 9 9 9 9 9 9 9 9 10 7 9 9 9 9 9 9 9 9 9 9 9 9 9 9 9 9 9 9 8 9 10 7 10 10 10 10 8 9 9 10 10 8 9 9 9 9 9 9 9 10 7 10 10 9 10 7 10 10 10 10 10 6 10 10 10 8 9 6 10 9 8 9 9 9 11 11 9 9 7 9 9 9 9 8 8 10 9 8 10 9 9 10 10 7 11 9 10 10 10 10 8 8 9 9 9 9 9 9 9 9 9 9 9 7 10 9 10 8 9 9 9 9 9 9 9 10 8 11 10 9 9 9 9 9 9 9 9 9 9 9 9 9 9 9 7 10 10 10 7 9 9 9 9 9 9 9 8 9 10 10 8 9 9 9 9 9 9 8 7 9 11 10 10 10 9 9 9 9 9 9 9 9 6 10 10 10 11 11 11 10 7 10 10 11 10 10 10 7 10 10 11 8 8 9 9 8 9 8 9 10 8 10 8 10 10 9 10 10 11 8 11 10 9 9 7 9 10 9 9 9 10 9 9 9 9 9 9 9 9 9 9 9 9 9 10 9 9 9 9 9 9 9 9 9 9 9 9 9 9 10 9 10 8 11 9 9 9 9 9 9 10 8 8 10 10 10 8 9 9 8 8 10 9 12 10 8 9 9 10 9 10 9 9 9 7 10 10 10 10 10 9 10 10 10 10 7 11 7 10 10 9 10 10 11 9 9 9 9 9 9 9 9 9 9 9 10 9 11 11 10 9 10 10 10 9 10 11 8 10 9 11 9 12 10 10 12 10 11 10 7 9 11 9 9 9 7 8 11 10 9 11 9 9 11 10 10 11 9 10 11 7 11 11 11 11 10 10 7 8 9 11 10 9 9 11 10 10
ML_NNI2	(sp|Q99MU3|DSRAD_MOUSE:0.12075,sp|P55265|DSRAD_HUMAN:0.10561,(sp|Q9VF87|CYFIP_DROME:1.11041,(sp|Q59109|DSRA_ARCFU:0.30216,sp|P45574|DSVA_DESVH:0.37192):1.17488):0.65731);
TreeLogLk	ML_NNI2	-9722.2749	MaxChange	0.0000
Turning off heuristics for final round of ML NNIs (converged)
ML_NNI3	(sp|Q99MU3|DSRAD_MOUSE:0.11839,sp|P55265|DSRAD_HUMAN:0.10495,(sp|Q9VF87|CYFIP_DROME:1.11702,(sp|Q59109|DSRA_ARCFU:0.31304,sp|P45574|DSVA_DESVH:0.37155):1.16751):0.65421);
TreeLogLk	ML_NNI3	-9722.2330	MaxChange	0.0000
ML_Lengths2	(sp|Q99MU3|DSRAD_MOUSE:0.11932,sp|P55265|DSRAD_HUMAN:0.10431,(sp|Q9VF87|CYFIP_DROME:1.11827,(sp|Q59109|DSRA_ARCFU:0.31374,sp|P45574|DSVA_DESVH:0.37118):1.16751):0.65189);
TreeLogLk	ML_Lengths2	-9722.2309
Total time: 0.22 seconds Unique: 5/5 Bad splits: 0/2
Dist/N**2: by-profile 12.360 (out 0.480) by-leaf 1.560 avg-prof 5.160
 Hill-climb: 0 Update-best: 2
NNI: 0 SPR: 0 ML-NNI: 0
Max-lk operations: lk 1526 posterior 242 approximate-posteriors 0.00% star-only 2
TreeCompleted
