Command: fasttree -gtr -log log/NxrA.mafft_aligned.fasttree_gtr.log intermediate/NxrA.mafft_aligned.faa
FastTree Version 2.1.11 SSE3
Alignment: intermediate/NxrA.mafft_aligned.faa
Amino acid distances: BLOSUM45 Joins: balanced Support: SH-like 1000
Search: Normal +NNI +SPR (2 rounds range 10) +ML-NNI opt-each=1
TopHits: 1.00*sqrtN close=default refresh=0.80
ML Model: Jones-Taylor-Thorton, CAT approximation with 20 rate categories
Read 5 sequences, 1221 positions
NJ	(tr|I6XBL4|I6XBL4_9CHLR:0.02309,tr|I6X1V3|I6X1V3_9CHLR:0.02238,(tr|A0A0P7ZK23|A0A0P7ZK23_9EURY:0.20054,(tr|I6WH63|I6WH63_9CHLR:0.01607,tr|A0A6J4ZGR8|A0A6J4ZGR8_9ZZZZ:0.01284):0.01907):0.00420);
ME_NNI1	(tr|I6XBL4|I6XBL4_9CHLR:0.02309,tr|I6X1V3|I6X1V3_9CHLR:0.02238,(tr|A0A0P7ZK23|A0A0P7ZK23_9EURY:0.20054,(tr|I6WH63|I6WH63_9CHLR:0.01607,tr|A0A6J4ZGR8|A0A6J4ZGR8_9ZZZZ:0.01284):0.01907):0.00420);
Min_evolution NNIs converged at round 1 -- skipping some rounds
ME_SPR1	(tr|I6XBL4|I6XBL4_9CHLR:0.02309,tr|I6X1V3|I6X1V3_9CHLR:0.02238,(tr|A0A0P7ZK23|A0A0P7ZK23_9EURY:0.20054,(tr|I6WH63|I6WH63_9CHLR:0.01607,tr|A0A6J4ZGR8|A0A6J4ZGR8_9ZZZZ:0.01284):0.01907):0.00420);
ME_NNI4	(tr|I6XBL4|I6XBL4_9CHLR:0.02309,tr|I6X1V3|I6X1V3_9CHLR:0.02238,(tr|A0A0P7ZK23|A0A0P7ZK23_9EURY:0.20054,(tr|I6WH63|I6WH63_9CHLR:0.01607,tr|A0A6J4ZGR8|A0A6J4ZGR8_9ZZZZ:0.01284):0.01907):0.00420);
Min_evolution NNIs converged at round 4 -- skipping some rounds
ME_SPR2	(tr|I6XBL4|I6XBL4_9CHLR:0.02309,tr|I6X1V3|I6X1V3_9CHLR:0.02238,(tr|A0A0P7ZK23|A0A0P7ZK23_9EURY:0.20054,(tr|I6WH63|I6WH63_9CHLR:0.01607,tr|A0A6J4ZGR8|A0A6J4ZGR8_9ZZZZ:0.01284):0.01907):0.00420);
ME_NNI7	(tr|I6XBL4|I6XBL4_9CHLR:0.02309,tr|I6X1V3|I6X1V3_9CHLR:0.02238,(tr|A0A0P7ZK23|A0A0P7ZK23_9EURY:0.20054,(tr|I6WH63|I6WH63_9CHLR:0.01607,tr|A0A6J4ZGR8|A0A6J4ZGR8_9ZZZZ:0.01284):0.01907):0.00420);
Min_evolution NNIs converged at round 7 -- skipping some rounds
ME_Lengths	(tr|I6XBL4|I6XBL4_9CHLR:0.03079,tr|I6X1V3|I6X1V3_9CHLR:0.02971,(tr|A0A0P7ZK23|A0A0P7ZK23_9EURY:0.30050,(tr|I6WH63|I6WH63_9CHLR:0.02108,tr|A0A6J4ZGR8|A0A6J4ZGR8_9ZZZZ:0.01705):0.02709):0.00536);
Total branch-length 0.432 after 0.01 sec
ML_Lengths1	(tr|I6XBL4|I6XBL4_9CHLR:0.03349,tr|I6X1V3|I6X1V3_9CHLR:0.04323,(tr|A0A0P7ZK23|A0A0P7ZK23_9EURY:0.37441,(tr|I6WH63|I6WH63_9CHLR:0.02906,tr|A0A6J4ZGR8|A0A6J4ZGR8_9ZZZZ:0.01818):0.02733):0.01018);
ML_NNI1	(tr|A0A0P7ZK23|A0A0P7ZK23_9EURY:0.36936,tr|I6X1V3|I6X1V3_9CHLR:0.02646,(tr|I6XBL4|I6XBL4_9CHLR:0.03271,(tr|I6WH63|I6WH63_9CHLR:0.02893,tr|A0A6J4ZGR8|A0A6J4ZGR8_9ZZZZ:0.01823):0.03519):0.01718);
TreeLogLk	ML_NNI1	-6350.6293	MaxChange	9.6815
NCategories	20
Rates 0.067925 0.093106 0.127623 0.174936 0.239790 0.328686 0.450538 0.617564 0.846511 1.160334 1.590499 2.180138 2.988371 4.096236 5.614816 7.696371 10.549613 14.460626 19.821550 27.169905
SiteCategories 9 10 9 9 10 10 9 10 9 9 9 10 9 10 9 9 9 9 9 9 9 9 9 9 10 9 9 9 10 9 9 9 9 9 9 9 9 9 9 9 9 9 9 10 9 9 9 9 9 9 9 10 9 9 9 9 9 9 9 9 9 9 9 9 9 10 10 9 9 9 9 9 9 9 9 9 9 9 9 9 9 9 9 9 9 9 9 9 9 10 9 9 9 9 9 9 10 9 9 10 9 10 9 10 9 10 9 9 10 9 10 10 10 9 9 9 10 9 9 10 9 9 9 10 9 10 9 9 9 11 10 10 9 10 9 9 9 9 9 9 11 9 9 9 9 9 9 9 10 9 9 9 10 9 10 11 10 9 9 9 9 9 9 10 9 9 9 9 11 13 10 9 10 9 9 9 9 10 9 9 11 9 10 10 10 9 11 9 9 11 9 9 10 9 9 10 11 10 9 9 9 9 9 9 9 9 9 9 9 10 9 9 9 9 9 9 9 9 9 9 9 9 9 9 9 9 9 10 9 10 9 10 9 9 10 10 11 10 9 10 10 9 9 9 9 11 9 9 9 9 10 9 9 9 9 9 10 9 10 9 9 9 9 11 10 9 9 9 9 9 9 9 9 9 10 9 9 9 11 9 9 10 9 9 10 9 10 9 9 9 9 10 11 10 9 9 9 9 10 9 9 9 10 11 9 10 9 9 9 9 9 10 9 10 9 9 9 10 9 10 9 10 9 9 10 10 10 11 10 10 11 10 10 9 10 11 10 9 10 9 9 9 10 10 10 11 9 9 9 10 9 9 9 9 9 9 10 10 9 9 10 9 10 9 9 9 9 9 10 9 9 9 10 10 9 10 9 9 10 11 10 9 10 9 9 9 9 10 12 9 9 9 10 11 9 9 10 9 10 9 9 10 9 10 9 9 10 10 10 9 10 9 10 10 9 10 9 10 10 9 11 10 10 11 10 11 10 9 11 9 9 10 9 9 10 9 9 10 10 9 10 9 10 9 9 9 10 9 9 9 10 10 9 9 9 10 10 10 9 9 9 9 10 9 10 9 9 9 9 9 9 9 9 10 9 9 9 9 9 9 9 9 12 10 9 9 9 9 9 10 9 9 9 9 10 9 9 9 9 9 9 9 9 9 10 9 9 9 9 9 9 10 9 10 9 9 10 10 9 9 9 9 9 9 10 9 10 9 9 10 9 9 10 9 10 10 9 10 9 9 9 9 9 9 9 9 9 10 9 9 9 9 9 9 9 9 9 11 10 10 10 10 9 11 11 11 9 10 11 11 9 9 12 11 10 10 9 11 9 9 10 11 12 9 9 9 10 9 9 9 9 9 9 10 10 10 10 9 9 11 9 9 10 10 9 10 9 10 9 9 9 9 9 9 9 10 9 9 10 9 10 9 9 9 9 9 9 9 9 11 10 9 9 9 10 9 9 9 11 11 11 9 10 10 9 9 10 9 9 9 10 11 9 10 10 10 10 11 9 9 9 11 10 11 9 10 11 11 9 10 12 10 9 10 9 11 9 9 10 10 9 10 9 9 12 9 12 10 9 9 10 9 9 12 10 9 9 10 9 9 10 9 11 9 9 9 9 9 10 9 9 9 9 9 9 10 9 10 9 10 9 9 10 10 9 9 10 9 11 11 9 10 9 10 9 9 9 9 10 9 9 11 10 10 10 9 9 9 9 11 9 10 9 10 9 10 9 11 9 9 9 9 9 10 9 9 9 9 9 9 9 9 9 9 9 9 9 10 9 9 9 11 9 9 9 9 10 9 9 10 9 9 11 9 10 9 10 10 9 9 9 10 11 10 10 9 9 9 9 9 10 9 9 9 9 10 11 9 11 9 9 9 10 11 12 9 9 12 9 9 9 9 9 9 9 10 9 10 9 10 10 10 9 10 9 10 9 9 11 10 9 9 10 11 11 9 9 9 9 9 11 9 9 10 10 10 9 9 9 9 9 10 9 11 10 9 10 10 9 10 10 9 10 10 10 9 10 10 9 9 11 9 9 9 10 10 9 10 9 10 11 9 9 9 9 9 9 10 9 9 12 10 10 10 9 9 10 10 9 10 9 9 11 11 9 10 9 11 10 9 9 11 9 9 11 9 11 10 9 10 9 9 11 10 11 9 11 9 9 10 9 9 9 9 11 9 11 10 9 10 11 10 9 11 10 11 9 10 9 9 10 9 9 9 9 12 11 9 9 9 10 9 11 11 11 9 10 10 9 9 10 9 9 10 10 10 9 9 9 9 9 9 10 10 9 10 9 9 9 9 10 9 9 9 10 9 9 9 9 9 10 9 9 9 9 9 10 9 9 9 9 10 9 11 9 9 9 9 9 10 9 10 9 9 10 9 11 9 10 9 9 9 9 9 9 11 9 10 10 10 9 10 10 9 10 10 9 10 10 10 10 10 9 9 10 10 9 9 9 9 9 9 9 9 9 9 9 9 10 10 9 10 9 10 10 9 9 9 9 9 9 9 9 9 9 10 10 9 9 9 9 10 10 10 9 10 10 9 9 9 9 9 9 9 9 9 9 9 9 9 9 9 9 9 9 9 9 9 10 9 9 9 11 9 9 9 9 9 9 9 10 9 9 9 9 9 9 10 9 9 9 9 10 9 9 10 9 9 9 9 10 9 9 9 9 9 9 11 9 9 9 9 10 10 10 9 9 9 9 9 9 10 9 9 11 11 9 9 9 9 9 10 9 10 11 10 9 9 9 10 9 10 9 9 9 9 10 10 9 10 9
ML_NNI2	(tr|A0A0P7ZK23|A0A0P7ZK23_9EURY:0.38468,tr|I6X1V3|I6X1V3_9CHLR:0.02460,(tr|I6XBL4|I6XBL4_9CHLR:0.03221,(tr|I6WH63|I6WH63_9CHLR:0.02853,tr|A0A6J4ZGR8|A0A6J4ZGR8_9ZZZZ:0.01884):0.03546):0.02108);
TreeLogLk	ML_NNI2	-6175.7081	MaxChange	0.0000
Turning off heuristics for final round of ML NNIs (converged)
ML_NNI3	(tr|A0A0P7ZK23|A0A0P7ZK23_9EURY:0.38430,tr|I6X1V3|I6X1V3_9CHLR:0.02431,(tr|I6XBL4|I6XBL4_9CHLR:0.03229,(tr|I6WH63|I6WH63_9CHLR:0.02830,tr|A0A6J4ZGR8|A0A6J4ZGR8_9ZZZZ:0.01899):0.03541):0.02166);
TreeLogLk	ML_NNI3	-6175.6993	MaxChange	0.0000
ML_Lengths2	(tr|A0A0P7ZK23|A0A0P7ZK23_9EURY:0.38430,tr|I6X1V3|I6X1V3_9CHLR:0.02429,(tr|I6XBL4|I6XBL4_9CHLR:0.03232,(tr|I6WH63|I6WH63_9CHLR:0.02824,tr|A0A6J4ZGR8|A0A6J4ZGR8_9ZZZZ:0.01899):0.03537):0.02177);
TreeLogLk	ML_Lengths2	-6175.6988
Total time: 0.22 seconds Unique: 5/5 Bad splits: 0/2
Dist/N**2: by-profile 12.360 (out 0.480) by-leaf 1.560 avg-prof 5.160
 Hill-climb: 0 Update-best: 3
NNI: 0 SPR: 0 ML-NNI: 1
Max-lk operations: lk 1760 posterior 280 approximate-posteriors 0.00% star-only 0
TreeCompleted
