Command: fasttree -lg -log log/NxrA.muscle_aligned.fasttree_lg.log intermediate/NxrA.muscle_aligned.faa
FastTree Version 2.1.11 SSE3
Alignment: intermediate/NxrA.muscle_aligned.faa
Amino acid distances: BLOSUM45 Joins: balanced Support: SH-like 1000
Search: Normal +NNI +SPR (2 rounds range 10) +ML-NNI opt-each=1
TopHits: 1.00*sqrtN close=default refresh=0.80
ML Model: Le-Gascuel 2008, CAT approximation with 20 rate categories
Read 5 sequences, 1221 positions
NJ	(tr|I6XBL4|I6XBL4_9CHLR:0.02309,tr|I6X1V3|I6X1V3_9CHLR:0.02238,(tr|A0A0P7ZK23|A0A0P7ZK23_9EURY:0.20054,(tr|I6WH63|I6WH63_9CHLR:0.01607,tr|A0A6J4ZGR8|A0A6J4ZGR8_9ZZZZ:0.01284):0.01907):0.00420);
ME_NNI1	(tr|I6XBL4|I6XBL4_9CHLR:0.02309,tr|I6X1V3|I6X1V3_9CHLR:0.02238,(tr|A0A0P7ZK23|A0A0P7ZK23_9EURY:0.20054,(tr|I6WH63|I6WH63_9CHLR:0.01607,tr|A0A6J4ZGR8|A0A6J4ZGR8_9ZZZZ:0.01284):0.01907):0.00420);
Min_evolution NNIs converged at round 1 -- skipping some rounds
ME_SPR1	(tr|I6XBL4|I6XBL4_9CHLR:0.02309,tr|I6X1V3|I6X1V3_9CHLR:0.02238,(tr|A0A0P7ZK23|A0A0P7ZK23_9EURY:0.20054,(tr|I6WH63|I6WH63_9CHLR:0.01607,tr|A0A6J4ZGR8|A0A6J4ZGR8_9ZZZZ:0.01284):0.01907):0.00420);
ME_NNI4	(tr|I6XBL4|I6XBL4_9CHLR:0.02309,tr|I6X1V3|I6X1V3_9CHLR:0.02238,(tr|A0A0P7ZK23|A0A0P7ZK23_9EURY:0.20054,(tr|I6WH63|I6WH63_9CHLR:0.01607,tr|A0A6J4ZGR8|A0A6J4ZGR8_9ZZZZ:0.01284):0.01907):0.00420);
Min_evolution NNIs converged at round 4 -- skipping some rounds
ME_SPR2	(tr|I6XBL4|I6XBL4_9CHLR:0.02309,tr|I6X1V3|I6X1V3_9CHLR:0.02238,(tr|A0A0P7ZK23|A0A0P7ZK23_9EURY:0.20054,(tr|I6WH63|I6WH63_9CHLR:0.01607,tr|A0A6J4ZGR8|A0A6J4ZGR8_9ZZZZ:0.01284):0.01907):0.00420);
ME_NNI7	(tr|I6XBL4|I6XBL4_9CHLR:0.02309,tr|I6X1V3|I6X1V3_9CHLR:0.02238,(tr|A0A0P7ZK23|A0A0P7ZK23_9EURY:0.20054,(tr|I6WH63|I6WH63_9CHLR:0.01607,tr|A0A6J4ZGR8|A0A6J4ZGR8_9ZZZZ:0.01284):0.01907):0.00420);
Min_evolution NNIs converged at round 7 -- skipping some rounds
ME_Lengths	(tr|I6XBL4|I6XBL4_9CHLR:0.03079,tr|I6X1V3|I6X1V3_9CHLR:0.02971,(tr|A0A0P7ZK23|A0A0P7ZK23_9EURY:0.30050,(tr|I6WH63|I6WH63_9CHLR:0.02108,tr|A0A6J4ZGR8|A0A6J4ZGR8_9ZZZZ:0.01705):0.02709):0.00536);
Total branch-length 0.432 after 0.01 sec
ML_Lengths1	(tr|I6XBL4|I6XBL4_9CHLR:0.03396,tr|I6X1V3|I6X1V3_9CHLR:0.04383,(tr|A0A0P7ZK23|A0A0P7ZK23_9EURY:0.37979,(tr|I6WH63|I6WH63_9CHLR:0.02959,tr|A0A6J4ZGR8|A0A6J4ZGR8_9ZZZZ:0.01841):0.02851):0.01033);
ML_NNI1	(tr|A0A0P7ZK23|A0A0P7ZK23_9EURY:0.37540,tr|I6X1V3|I6X1V3_9CHLR:0.02860,(tr|I6XBL4|I6XBL4_9CHLR:0.03314,(tr|I6WH63|I6WH63_9CHLR:0.02944,tr|A0A6J4ZGR8|A0A6J4ZGR8_9ZZZZ:0.01854):0.03657):0.01597);
TreeLogLk	ML_NNI1	-6302.2168	MaxChange	5.7152
NCategories	20
Rates 0.068328 0.093658 0.128380 0.175974 0.241212 0.330635 0.453210 0.621226 0.851530 1.167215 1.599931 2.193066 3.006092 4.120527 5.648113 7.742013 10.612175 14.546380 19.939096 27.331028
SiteCategories 9 10 9 9 10 10 9 10 9 9 9 10 9 10 9 9 9 9 9 9 9 9 9 9 10 9 9 9 10 9 9 9 9 9 9 9 9 9 9 9 9 9 9 10 9 9 9 9 9 9 9 10 9 9 9 8 9 9 9 9 9 9 9 9 9 10 10 9 9 9 9 9 9 9 9 9 9 9 9 9 9 9 9 9 9 9 9 9 9 10 9 9 9 9 9 9 10 9 9 10 9 10 9 10 9 10 9 9 10 9 10 10 10 9 9 9 10 9 9 10 9 9 9 10 9 10 9 9 9 11 10 10 9 10 9 9 9 9 9 9 11 9 9 9 9 9 9 9 10 9 9 9 10 9 10 11 10 9 9 9 9 9 9 10 9 9 9 9 11 12 10 9 10 9 9 9 9 10 9 9 11 9 10 10 10 9 11 9 9 11 9 9 10 9 9 10 11 10 9 9 9 9 9 9 9 9 9 9 9 10 9 9 9 9 9 9 9 9 9 9 9 9 9 9 9 9 9 10 9 10 9 10 9 9 10 10 11 10 9 10 10 8 9 9 9 11 9 9 9 9 10 9 9 9 9 9 10 9 10 9 9 9 9 11 10 9 9 9 9 9 9 9 9 9 10 9 9 9 11 9 9 10 9 9 10 9 10 9 9 9 8 10 11 10 9 9 9 9 10 9 9 9 10 11 9 10 9 9 9 9 9 10 9 10 9 9 9 10 9 10 9 10 9 9 10 10 10 11 10 10 10 10 10 9 10 10 10 9 10 9 9 9 10 10 10 11 9 9 9 10 9 9 9 9 9 9 10 10 9 9 10 9 10 9 9 9 9 9 10 9 9 9 10 10 9 10 9 9 10 11 10 9 10 9 9 9 9 10 12 8 9 9 10 11 9 9 10 9 10 9 9 10 9 10 9 9 10 10 10 9 10 9 10 10 9 10 9 10 11 9 11 10 10 11 10 11 10 9 11 9 9 10 9 9 10 9 9 10 10 9 10 9 10 9 9 9 10 9 9 9 10 10 9 9 9 10 10 10 9 9 9 9 10 9 10 9 9 9 9 9 9 9 9 10 9 9 9 9 9 9 9 9 12 10 9 9 9 9 9 10 9 9 9 9 10 9 9 9 9 9 9 9 9 9 10 9 9 9 9 9 8 10 9 10 9 9 10 10 9 9 9 9 9 9 10 9 10 9 9 10 9 9 10 9 10 10 9 10 9 9 9 9 9 9 9 9 9 10 9 9 9 9 9 9 9 9 9 11 10 10 10 10 9 11 11 11 9 10 11 11 9 9 12 10 10 10 9 11 9 9 10 11 12 9 9 9 10 9 9 9 9 9 9 10 10 10 10 9 9 11 9 9 10 10 9 10 9 10 9 9 9 9 9 9 9 10 9 9 10 9 10 9 9 9 8 9 9 8 9 11 10 9 9 9 10 9 9 9 11 11 11 9 10 10 9 9 10 9 9 9 10 11 9 10 10 10 10 11 9 9 9 11 10 11 9 10 11 11 9 10 12 10 9 10 9 11 9 9 10 10 9 10 9 9 12 9 12 10 9 9 10 9 9 12 10 9 9 10 9 9 10 9 11 9 9 9 9 9 10 9 9 9 9 9 9 10 9 10 9 10 9 9 10 10 9 9 10 9 11 11 9 10 9 10 9 9 9 9 10 9 9 11 10 10 10 9 9 9 8 11 9 10 9 10 9 10 9 11 9 9 9 9 9 10 9 9 9 9 9 9 9 9 9 9 9 9 9 10 9 9 9 11 9 9 9 9 10 9 9 10 9 9 11 9 10 9 10 10 9 9 9 10 11 10 10 9 9 9 9 9 10 9 9 9 9 10 11 9 11 9 9 9 10 11 12 9 9 12 9 9 9 9 9 9 9 10 9 10 9 10 10 10 9 10 9 10 9 9 11 10 9 9 10 11 11 9 9 9 9 9 11 9 9 10 10 10 9 9 9 9 9 10 9 11 10 9 10 10 9 10 10 9 10 10 10 9 10 10 9 9 11 9 9 9 10 10 9 10 9 10 10 9 9 9 9 9 9 10 9 9 12 10 10 10 9 9 10 10 9 10 9 9 11 11 9 10 9 11 10 9 9 11 9 9 11 9 11 10 9 10 9 9 11 10 11 9 11 9 9 10 9 9 9 9 11 9 10 10 9 10 10 10 9 11 10 11 9 10 9 9 10 9 9 9 9 12 11 9 9 9 10 8 11 11 10 9 10 10 9 9 10 9 9 10 10 10 9 9 9 9 9 9 10 10 9 10 9 9 9 9 10 9 9 9 10 9 9 9 9 9 10 9 9 9 9 9 10 9 9 9 9 10 9 11 9 9 9 9 9 10 9 10 9 9 10 9 10 9 10 9 9 9 9 9 9 10 9 10 10 10 9 10 10 9 10 10 9 10 10 10 10 10 9 9 10 10 9 9 9 9 9 9 9 9 9 9 9 9 10 10 9 10 9 10 10 9 9 9 9 9 9 9 9 9 9 10 10 9 9 9 9 10 10 10 9 10 10 9 9 9 9 9 9 9 9 9 9 9 9 9 8 9 9 9 9 9 9 9 10 9 9 9 10 9 9 9 8 9 9 9 10 9 9 9 9 9 9 10 9 9 9 9 10 9 9 10 9 9 9 9 10 9 9 9 9 9 9 11 9 9 9 9 10 10 10 9 9 9 9 9 9 10 9 9 11 11 9 9 9 9 9 10 9 10 11 10 9 9 9 10 9 10 9 9 9 9 10 10 9 10 9
ML_NNI2	(tr|A0A0P7ZK23|A0A0P7ZK23_9EURY:0.38771,tr|I6X1V3|I6X1V3_9CHLR:0.02653,(tr|I6XBL4|I6XBL4_9CHLR:0.03252,(tr|I6WH63|I6WH63_9CHLR:0.02863,tr|A0A6J4ZGR8|A0A6J4ZGR8_9ZZZZ:0.01927):0.03676):0.01947);
TreeLogLk	ML_NNI2	-6132.8244	MaxChange	0.0000
Turning off heuristics for final round of ML NNIs (converged)
ML_NNI3	(tr|A0A0P7ZK23|A0A0P7ZK23_9EURY:0.38771,tr|I6X1V3|I6X1V3_9CHLR:0.02622,(tr|I6XBL4|I6XBL4_9CHLR:0.03252,(tr|I6WH63|I6WH63_9CHLR:0.02840,tr|A0A6J4ZGR8|A0A6J4ZGR8_9ZZZZ:0.01944):0.03673):0.02020);
TreeLogLk	ML_NNI3	-6132.8124	MaxChange	0.0000
ML_Lengths2	(tr|A0A0P7ZK23|A0A0P7ZK23_9EURY:0.38771,tr|I6X1V3|I6X1V3_9CHLR:0.02617,(tr|I6XBL4|I6XBL4_9CHLR:0.03252,(tr|I6WH63|I6WH63_9CHLR:0.02833,tr|A0A6J4ZGR8|A0A6J4ZGR8_9ZZZZ:0.01949):0.03675):0.02031);
TreeLogLk	ML_Lengths2	-6132.8121
Total time: 0.22 seconds Unique: 5/5 Bad splits: 0/2
Dist/N**2: by-profile 12.360 (out 0.480) by-leaf 1.560 avg-prof 5.160
 Hill-climb: 0 Update-best: 3
NNI: 0 SPR: 0 ML-NNI: 1
Max-lk operations: lk 1769 posterior 280 approximate-posteriors 0.00% star-only 0
TreeCompleted
